<?xml version="1.0" encoding="UTF-8"?>
<!-- Generated by org.testng.reporters.JUnitReportReporter -->
<testsuite hostname="HW0901" name="flynas.web.scripts.TC_11_oneAdultoneChildoneInfantPartCodeShare" tests="1" failures="0" timestamp="1 Feb 2017 11:03:10 GMT" time="176.943" errors="0">
  <testcase name="TC_11oneAdultoneChildoneInfantPartCodeShare" time="176.943" classname="flynas.web.scripts.TC_11_oneAdultoneChildoneInfantPartCodeShare"/>
</testsuite> <!-- flynas.web.scripts.TC_11_oneAdultoneChildoneInfantPartCodeShare -->
