<?xml version="1.0" encoding="UTF-8"?>
<!-- Generated by org.testng.reporters.JUnitReportReporter -->
<testsuite hostname="HW1819.local" name="flynas.ios.scripts.TC64_oneWayDomesticFlex_RUH_DMM" tests="1" failures="0" timestamp="8 Jun 2017 03:51:42 GMT" time="354.073" errors="0">
  <testcase name="TC_64_oneWayDomesticFlex_RUH_DMM" time="354.073" classname="flynas.ios.scripts.TC64_oneWayDomesticFlex_RUH_DMM"/>
</testsuite> <!-- flynas.ios.scripts.TC64_oneWayDomesticFlex_RUH_DMM -->
