<?xml version="1.0" encoding="UTF-8"?>
<!-- Generated by org.testng.reporters.JUnitReportReporter -->
<testsuite hostname="HW1819.local" name="flynas.ios.Prod.routes;.TC14_roundTripDomesticEconomy_JED_AHB" tests="1" failures="0" timestamp="7 Aug 2017 12:57:43 GMT" time="1030.676" errors="0">
  <testcase name="TC_14_roundTripDomesticEconomy_JED_AHB" time="1030.676" classname="flynas.ios.Prod.routes;.TC14_roundTripDomesticEconomy_JED_AHB"/>
</testsuite> <!-- flynas.ios.Prod.routes;.TC14_roundTripDomesticEconomy_JED_AHB -->
