<?xml version="1.0" encoding="UTF-8"?>
<!-- Generated by org.testng.reporters.JUnitReportReporter -->
<testsuite hostname="HW1819.local" name="flynas.ios.Prod.routes;.TC74_roundTripDomesticFlex_JED_GIZ" tests="1" failures="0" timestamp="8 Aug 2017 13:06:01 GMT" time="712.201" errors="0">
  <testcase name="TC_74_roundTripDomesticFlex_JED_GIZ" time="712.201" classname="flynas.ios.Prod.routes;.TC74_roundTripDomesticFlex_JED_GIZ"/>
</testsuite> <!-- flynas.ios.Prod.routes;.TC74_roundTripDomesticFlex_JED_GIZ -->
