<?xml version="1.0" encoding="UTF-8"?>
<!-- Generated by org.testng.reporters.JUnitReportReporter -->
<testsuite hostname="HW0901" name="flynas.production.scripts.TC14_verifingSerCharChilDdisRTMulFlexDOMAR" tests="1" failures="0" timestamp="30 Jan 2017 11:11:29 GMT" time="484.125" errors="0">
  <testcase name="TC_14_verifingSerCharChilDdisRTMulFlexDOMAR" time="484.125" classname="flynas.production.scripts.TC14_verifingSerCharChilDdisRTMulFlexDOMAR"/>
</testsuite> <!-- flynas.production.scripts.TC14_verifingSerCharChilDdisRTMulFlexDOMAR -->
