<?xml version="1.0" encoding="UTF-8"?>
<!-- Generated by org.testng.reporters.JUnitReportReporter -->
<testsuite hostname="HW0901" name="flynas.web.scripts.TC03_oneWayDomesticChangeDate" tests="1" failures="0" timestamp="31 Jan 2017 11:10:10 GMT" time="349.113" errors="0">
  <testcase name="TC_03_oneWayDomesticChangeDate" time="349.113" classname="flynas.web.scripts.TC03_oneWayDomesticChangeDate"/>
</testsuite> <!-- flynas.web.scripts.TC03_oneWayDomesticChangeDate -->
