<?xml version="1.0" encoding="UTF-8"?>
<!-- Generated by org.testng.reporters.JUnitReportReporter -->
<testsuite hostname="HW0901" name="flynas.production.scripts.TC02_verifingServiceChargeperPerson" tests="1" failures="0" timestamp="18 Jan 2017 12:39:14 GMT" time="177.903" errors="0">
  <testcase name="TC_02_verifingServiceChargeperPerson" time="177.903" classname="flynas.production.scripts.TC02_verifingServiceChargeperPerson"/>
</testsuite> <!-- flynas.production.scripts.TC02_verifingServiceChargeperPerson -->
