<?xml version="1.0" encoding="UTF-8"?>
<!-- Generated by org.testng.reporters.JUnitReportReporter -->
<testsuite hostname="HW0901" name="flynas.production.scripts.TC08_verifingServiceChragewithMTSingleFlex" tests="1" failures="0" timestamp="23 Jan 2017 12:06:46 GMT" time="62.725" errors="0">
  <testcase name="TC_08_verifingServiceChragewithMTSingleFlex" time="62.725" classname="flynas.production.scripts.TC08_verifingServiceChragewithMTSingleFlex"/>
</testsuite> <!-- flynas.production.scripts.TC08_verifingServiceChragewithMTSingleFlex -->
