<?xml version="1.0" encoding="UTF-8"?>
<!-- Generated by org.testng.reporters.JUnitReportReporter -->
<testsuite hostname="HW1819.local" name="flynas.ios.Prod.routes;.TC22_roundTripDomesticEconomy_DMM_ELQ" tests="1" failures="0" timestamp="7 Aug 2017 12:57:43 GMT" time="534.959" errors="0">
  <testcase name="TC_22_roundTripDomesticEconomy_DMM_ELQ" time="534.959" classname="flynas.ios.Prod.routes;.TC22_roundTripDomesticEconomy_DMM_ELQ"/>
</testsuite> <!-- flynas.ios.Prod.routes;.TC22_roundTripDomesticEconomy_DMM_ELQ -->
