<?xml version="1.0" encoding="UTF-8"?>
<!-- Generated by org.testng.reporters.JUnitReportReporter -->
<testsuite hostname="HW0901" name="flynas.production.scripts.TC23_verifingSerCharChildDisRTMultiFlexDomTR" tests="1" failures="0" timestamp="30 Jan 2017 10:56:21 GMT" time="540.356" errors="0">
  <testcase name="TC_23_verifingSerCharChildDisRTMultiFlexDomTR" time="540.356" classname="flynas.production.scripts.TC23_verifingSerCharChildDisRTMultiFlexDomTR"/>
</testsuite> <!-- flynas.production.scripts.TC23_verifingSerCharChildDisRTMultiFlexDomTR -->
