<?xml version="1.0" encoding="UTF-8"?>
<!-- Generated by org.testng.reporters.JUnitReportReporter -->
<testsuite hostname="indrajeets-MacBook-Pro.local" name="com.mobile.scripts.RP_002_TestLogInFromBooking" tests="1" failures="0" timestamp="26 Jul 2016 07:00:42 GMT" time="310.294" errors="0">
  <testcase name="logInFromBookingScreen" time="310.294" classname="com.mobile.scripts.RP_002_TestLogInFromBooking"/>
</testsuite> <!-- com.mobile.scripts.RP_002_TestLogInFromBooking -->
