<?xml version="1.0" encoding="UTF-8"?>
<!-- Generated by org.testng.reporters.JUnitReportReporter -->
<testsuite hostname="HW1819.local" name="flynas.ios.Prod.routes;.TC68_oneWayDomesticFlex_RUH_HAS" tests="1" failures="0" timestamp="8 Aug 2017 12:30:42 GMT" time="440.150" errors="0">
  <testcase name="TC_68_oneWayDomesticFlex_RUH_HAS" time="440.150" classname="flynas.ios.Prod.routes;.TC68_oneWayDomesticFlex_RUH_HAS"/>
</testsuite> <!-- flynas.ios.Prod.routes;.TC68_oneWayDomesticFlex_RUH_HAS -->
