<?xml version="1.0" encoding="UTF-8"?>
<!-- Generated by org.testng.reporters.JUnitReportReporter -->
<testsuite hostname="HW1819.local" name="flynas.ios.Prod.routes;.TC35_oneWayInternationalEconomy_JED_KWI" tests="1" failures="0" timestamp="8 Aug 2017 03:14:21 GMT" time="333.199" errors="0">
  <testcase name="TC_35_oneWayInternationalEconomy_JED_KWI" time="333.199" classname="flynas.ios.Prod.routes;.TC35_oneWayInternationalEconomy_JED_KWI"/>
</testsuite> <!-- flynas.ios.Prod.routes;.TC35_oneWayInternationalEconomy_JED_KWI -->
