<?xml version="1.0" encoding="UTF-8"?>
<!-- Generated by org.testng.reporters.JUnitReportReporter -->
<testsuite hostname="indrajeets-MacBook-Pro.local" name="com.mobile.scripts.RP_006_BookingAsAMember" tests="3" failures="0" timestamp="26 Jul 2016 07:00:42 GMT" time="1314.809" errors="0">
  <testcase name="testBookingAsMember" time="437.573" classname="com.mobile.scripts.RP_006_BookingAsAMember"/>
  <testcase name="testBookingAsMember" time="446.525" classname="com.mobile.scripts.RP_006_BookingAsAMember"/>
  <testcase name="testBookingAsMember" time="430.711" classname="com.mobile.scripts.RP_006_BookingAsAMember"/>
</testsuite> <!-- com.mobile.scripts.RP_006_BookingAsAMember -->
