<?xml version="1.0" encoding="UTF-8"?>
<!-- Generated by org.testng.reporters.JUnitReportReporter -->
<testsuite hostname="HW1819.local" name="flynas.ios.Prod.routes;.TC36_oneWayInternationalEconomy_RUH_KWI" tests="1" failures="0" timestamp="8 Aug 2017 03:14:20 GMT" time="485.111" errors="0">
  <testcase name="TC_36_oneWayInternationalEconomy_RUH_KWI" time="485.111" classname="flynas.ios.Prod.routes;.TC36_oneWayInternationalEconomy_RUH_KWI"/>
</testsuite> <!-- flynas.ios.Prod.routes;.TC36_oneWayInternationalEconomy_RUH_KWI -->
