<?xml version="1.0" encoding="UTF-8"?>
<!-- Generated by org.testng.reporters.JUnitReportReporter -->
<testsuite hostname="HW0865" name="com.androidMobile.scripts.RP_007_RetriveBookingAsGuest" tests="1" failures="0" timestamp="5 Aug 2016 10:16:53 GMT" time="354.674" errors="0">
  <testcase name="testRetriveBookingAsGuest" time="354.674" classname="com.androidMobile.scripts.RP_007_RetriveBookingAsGuest"/>
</testsuite> <!-- com.androidMobile.scripts.RP_007_RetriveBookingAsGuest -->
