<?xml version="1.0" encoding="UTF-8"?>
<!-- Generated by org.testng.reporters.JUnitReportReporter -->
<testsuite hostname="HW0901" name="flynas.web.scripts.TC08_RTInt1adult1Child1infantBus" tests="1" failures="0" timestamp="31 Jan 2017 11:10:10 GMT" time="195.369" errors="0">
  <testcase name="TC_08_RTInt1adult1Child1infantBus" time="195.369" classname="flynas.web.scripts.TC08_RTInt1adult1Child1infantBus"/>
</testsuite> <!-- flynas.web.scripts.TC08_RTInt1adult1Child1infantBus -->
