<?xml version="1.0" encoding="UTF-8"?>
<!-- Generated by org.testng.reporters.JUnitReportReporter -->
<testsuite hostname="HW0865" name="com.androidMobile.scripts.RP_014_TestInHousePhone" tests="3" failures="0" timestamp="5 Aug 2016 10:16:54 GMT" time="629.587" errors="0">
  <testcase name="testInHousePhone" time="192.976" classname="com.androidMobile.scripts.RP_014_TestInHousePhone"/>
  <testcase name="testInHousePhone" time="215.996" classname="com.androidMobile.scripts.RP_014_TestInHousePhone"/>
  <testcase name="testInHousePhone" time="220.615" classname="com.androidMobile.scripts.RP_014_TestInHousePhone"/>
</testsuite> <!-- com.androidMobile.scripts.RP_014_TestInHousePhone -->
