<?xml version="1.0" encoding="UTF-8"?>
<!-- Generated by org.testng.reporters.JUnitReportReporter -->
<testsuite hostname="HW0901" name="flynas.android.scripts.TC14_oneWayDomesticBusinessCCEuro" tests="1" failures="0" timestamp="27 Jan 2017 12:47:59 GMT" time="248.649" errors="0">
  <testcase name="TC_14_oneWayDomesticBusinessCCEuro" time="248.649" classname="flynas.android.scripts.TC14_oneWayDomesticBusinessCCEuro"/>
</testsuite> <!-- flynas.android.scripts.TC14_oneWayDomesticBusinessCCEuro -->
