<?xml version="1.0" encoding="UTF-8"?>
<!-- Generated by org.testng.reporters.JUnitReportReporter -->
<testsuite hostname="HW0901" name="flynas.android.scripts.TC_10_oneAudaltOnechildFlexCodeShare" tests="1" failures="0" timestamp="27 Jan 2017 11:25:28 GMT" time="569.909" errors="0">
  <testcase name="TC10_oneAudaltOnechildFlexCodeShare" time="569.909" classname="flynas.android.scripts.TC_10_oneAudaltOnechildFlexCodeShare"/>
</testsuite> <!-- flynas.android.scripts.TC_10_oneAudaltOnechildFlexCodeShare -->
