<?xml version="1.0" encoding="UTF-8"?>
<!-- Generated by org.testng.reporters.JUnitReportReporter -->
<testsuite hostname="HW1819.local" name="flynas.ios.scripts.TC65_oneWayDomesticFlex_RUH_GIZ" tests="1" failures="0" timestamp="8 Jun 2017 03:51:42 GMT" time="352.434" errors="0">
  <testcase name="TC_65_oneWayDomesticFlex_RUH_GIZ" time="352.434" classname="flynas.ios.scripts.TC65_oneWayDomesticFlex_RUH_GIZ"/>
</testsuite> <!-- flynas.ios.scripts.TC65_oneWayDomesticFlex_RUH_GIZ -->
