<?xml version="1.0" encoding="UTF-8"?>
<!-- Generated by org.testng.reporters.JUnitReportReporter -->
<testsuite hostname="HW1819.local" name="flynas.ios.Prod.routes;.TC59_multiCityInternationalEconomy_DMM_KRT" tests="1" failures="0" timestamp="8 Aug 2017 12:30:42 GMT" time="664.900" errors="0">
  <testcase name="TC_59_multiCityInternationalEconomy_DMM_KRT" time="664.900" classname="flynas.ios.Prod.routes;.TC59_multiCityInternationalEconomy_DMM_KRT"/>
</testsuite> <!-- flynas.ios.Prod.routes;.TC59_multiCityInternationalEconomy_DMM_KRT -->
