<?xml version="1.0" encoding="UTF-8"?>
<!-- Generated by org.testng.reporters.JUnitReportReporter -->
<testsuite hostname="HW0901" name="flynas.web.scripts.TC13_onewayDomesticwithUSdollars" tests="1" failures="0" timestamp="1 Feb 2017 12:27:18 GMT" time="161.473" errors="0">
  <testcase name="TC_13_onewayDomesticwithUSdollars" time="161.473" classname="flynas.web.scripts.TC13_onewayDomesticwithUSdollars"/>
</testsuite> <!-- flynas.web.scripts.TC13_onewayDomesticwithUSdollars -->
