<?xml version="1.0" encoding="UTF-8"?>
<!-- Generated by org.testng.reporters.JUnitReportReporter -->
<testsuite hostname="indrajeets-MacBook-Pro.local" name="com.mobile.scripts.RP_007_RetriveBookingAsGuest" tests="1" failures="0" timestamp="26 Jul 2016 07:00:42 GMT" time="460.572" errors="0">
  <testcase name="testRetriveBookingAsGuest" time="460.572" classname="com.mobile.scripts.RP_007_RetriveBookingAsGuest"/>
</testsuite> <!-- com.mobile.scripts.RP_007_RetriveBookingAsGuest -->
