<?xml version="1.0" encoding="UTF-8"?>
<!-- Generated by org.testng.reporters.JUnitReportReporter -->
<testsuite hostname="HW0865" name="com.androidMobile.scripts.RP_001_TestLoginFromMyAccount" tests="5" failures="0" timestamp="5 Aug 2016 10:16:53 GMT" time="434.343" errors="0">
  <testcase name="testTestLoginFromMyAccount" time="73.337" classname="com.androidMobile.scripts.RP_001_TestLoginFromMyAccount"/>
  <testcase name="testTestLoginFromMyAccount" time="146.396" classname="com.androidMobile.scripts.RP_001_TestLoginFromMyAccount"/>
  <testcase name="testTestLoginFromMyAccount" time="84.199" classname="com.androidMobile.scripts.RP_001_TestLoginFromMyAccount"/>
  <testcase name="testTestLoginFromMyAccount" time="74.586" classname="com.androidMobile.scripts.RP_001_TestLoginFromMyAccount"/>
  <testcase name="testTestLoginFromMyAccount" time="55.825" classname="com.androidMobile.scripts.RP_001_TestLoginFromMyAccount"/>
</testsuite> <!-- com.androidMobile.scripts.RP_001_TestLoginFromMyAccount -->
