<?xml version="1.0" encoding="UTF-8"?>
<!-- Generated by org.testng.reporters.JUnitReportReporter -->
<testsuite hostname="HW1819.local" name="flynas.ios.Prod.routes;.TC72_oneWayDomesticFlex_RUH_ABT" tests="1" failures="0" timestamp="8 Aug 2017 12:30:42 GMT" time="332.165" errors="0">
  <testcase name="TC_72_oneWayDomesticFlex_RUH_ABT" time="332.165" classname="flynas.ios.Prod.routes;.TC72_oneWayDomesticFlex_RUH_ABT"/>
</testsuite> <!-- flynas.ios.Prod.routes;.TC72_oneWayDomesticFlex_RUH_ABT -->
