<?xml version="1.0" encoding="UTF-8"?>
<!-- Generated by org.testng.reporters.JUnitReportReporter -->
<testsuite hostname="HW1819.local" name="flynas.ios.Prod.routes;.TC48_roundTripInternationalEconomy_JED_ATZ" tests="1" failures="0" timestamp="8 Aug 2017 10:09:23 GMT" time="576.033" errors="0">
  <testcase name="TC_48_roundTripInternationalEconomy_JED_ATZ" time="576.033" classname="flynas.ios.Prod.routes;.TC48_roundTripInternationalEconomy_JED_ATZ"/>
</testsuite> <!-- flynas.ios.Prod.routes;.TC48_roundTripInternationalEconomy_JED_ATZ -->
