<?xml version="1.0" encoding="UTF-8"?>
<!-- Generated by org.testng.reporters.JUnitReportReporter -->
<testsuite hostname="HW0865" name="com.androidMobile.scripts.RP_002_TestLogInFromBookingScreen" tests="1" failures="0" timestamp="5 Aug 2016 10:16:54 GMT" time="181.519" errors="0">
  <testcase name="testLogInFromBookingScreen" time="181.519" classname="com.androidMobile.scripts.RP_002_TestLogInFromBookingScreen"/>
</testsuite> <!-- com.androidMobile.scripts.RP_002_TestLogInFromBookingScreen -->
