<?xml version="1.0" encoding="UTF-8"?>
<!-- Generated by org.testng.reporters.JUnitReportReporter -->
<testsuite hostname="HW0901" name="flynas.android.scripts.TC07_roundTripDomFourAdultBusins" tests="1" failures="0" timestamp="27 Jan 2017 10:30:03 GMT" time="934.524" errors="0">
  <testcase name="TC_07_roundTripDomFourAdultBusins" time="934.524" classname="flynas.android.scripts.TC07_roundTripDomFourAdultBusins"/>
</testsuite> <!-- flynas.android.scripts.TC07_roundTripDomFourAdultBusins -->
