<?xml version="1.0" encoding="UTF-8"?>
<!-- Generated by org.testng.reporters.JUnitReportReporter -->
<testsuite hostname="HW0901" name="flynas.production.scripts.TC05_verifingSerCharChildDisRTFlexDom" tests="1" failures="0" timestamp="20 Jan 2017 10:27:50 GMT" time="254.905" errors="0">
  <testcase name="TC_05_verifingSerCharChildDisRTFlexDom" time="254.905" classname="flynas.production.scripts.TC05_verifingSerCharChildDisRTFlexDom"/>
</testsuite> <!-- flynas.production.scripts.TC05_verifingSerCharChildDisRTFlexDom -->
