<?xml version="1.0" encoding="UTF-8"?>
<!-- Generated by org.testng.reporters.JUnitReportReporter -->
<testsuite hostname="HW1819.local" name="flynas.ios.scripts.TC134_oneWayDomesticBusiness_RUH_ABT" tests="1" failures="0" timestamp="9 Jun 2017 10:59:08 GMT" time="312.433" errors="0">
  <testcase name="TC_134_oneWayDomesticBusiness_RUH_ABT" time="312.433" classname="flynas.ios.scripts.TC134_oneWayDomesticBusiness_RUH_ABT"/>
</testsuite> <!-- flynas.ios.scripts.TC134_oneWayDomesticBusiness_RUH_ABT -->
