<?xml version="1.0" encoding="UTF-8"?>
<!-- Generated by org.testng.reporters.JUnitReportReporter -->
<testsuite hostname="indrajeets-MacBook-Pro.local" name="com.mobile.scripts.RP_001_TestLoginFromHome" tests="5" failures="4" timestamp="15 Jul 2016 10:20:21 GMT" time="178.906" errors="0">
  <testcase name="validateTestLogin" time="81.676" classname="com.mobile.scripts.RP_001_TestLoginFromHome">
    <failure type="org.openqa.selenium.remote.SessionNotFoundException" message="Driver is not ready, cannot execute reset. (WARNING: The server did not provide any stacktrace information)
Command duration or timeout: 6 milliseconds
Build info: version: &#039;2.48.2&#039;, revision: &#039;41bccdd10cf2c0560f637404c2d96164b67d9d67&#039;, time: &#039;2015-10-09 13:08:06&#039;
System info: host: &#039;indrajeets-MacBook-Pro.local&#039;, ip: &#039;172.16.15.202&#039;, os.name: &#039;Mac OS X&#039;, os.arch: &#039;x86_64&#039;, os.version: &#039;10.11.4&#039;, java.version: &#039;1.8.0_91&#039;
Driver info: io.appium.java_client.ios.IOSDriver
Capabilities [{app=/Users/indrajeetkumar/Desktop/RedPlanet/RedPlanetApp-master/RedPlanetTest/iOSApp/RP Staging.app, networkConnectionEnabled=false, autoWebviewTimeout=8000, bundleId=com.redplanethotels.consumer.internal.staging, databaseEnabled=false, deviceName=iPhone 6s Plus, platform=MAC, showIOSLog=true, locationServicesAuthorized=true, desired={app=/Users/indrajeetkumar/Desktop/RedPlanet/RedPlanetApp-master/RedPlanetTest/iOSApp/RP Staging.app, showIOSLog=true, autoWebviewTimeout=8000, locationServicesAuthorized=true, newCommandTimeout=8000, platformVersion=9.3, bundleId=com.redplanethotels.consumer.internal.staging, takesScreenshot=true, waitForAppScript=target.elements().length &gt; 0; $.delay(30000); $.acceptAlert();, platformName=iOS, deviceName=iPhone 6s Plus}, newCommandTimeout=8000, platformVersion=9.3, webStorageEnabled=false, locationContextEnabled=false, browserName=, takesScreenshot=true, waitForAppScript=target.elements().length &gt; 0; $.delay(30000); $.acceptAlert();, javascriptEnabled=true, platformName=iOS}]
Session ID: f4579f43-ea90-46d1-ac2a-b2969254472c">
      <![CDATA[org.openqa.selenium.remote.SessionNotFoundException: Driver is not ready, cannot execute reset. (WARNING: The server did not provide any stacktrace information)
Command duration or timeout: 6 milliseconds
Build info: version: '2.48.2', revision: '41bccdd10cf2c0560f637404c2d96164b67d9d67', time: '2015-10-09 13:08:06'
System info: host: 'indrajeets-MacBook-Pro.local', ip: '172.16.15.202', os.name: 'Mac OS X', os.arch: 'x86_64', os.version: '10.11.4', java.version: '1.8.0_91'
Driver info: io.appium.java_client.ios.IOSDriver
Capabilities [{app=/Users/indrajeetkumar/Desktop/RedPlanet/RedPlanetApp-master/RedPlanetTest/iOSApp/RP Staging.app, networkConnectionEnabled=false, autoWebviewTimeout=8000, bundleId=com.redplanethotels.consumer.internal.staging, databaseEnabled=false, deviceName=iPhone 6s Plus, platform=MAC, showIOSLog=true, locationServicesAuthorized=true, desired={app=/Users/indrajeetkumar/Desktop/RedPlanet/RedPlanetApp-master/RedPlanetTest/iOSApp/RP Staging.app, showIOSLog=true, autoWebviewTimeout=8000, locationServicesAuthorized=true, newCommandTimeout=8000, platformVersion=9.3, bundleId=com.redplanethotels.consumer.internal.staging, takesScreenshot=true, waitForAppScript=target.elements().length > 0; $.delay(30000); $.acceptAlert();, platformName=iOS, deviceName=iPhone 6s Plus}, newCommandTimeout=8000, platformVersion=9.3, webStorageEnabled=false, locationContextEnabled=false, browserName=, takesScreenshot=true, waitForAppScript=target.elements().length > 0; $.delay(30000); $.acceptAlert();, javascriptEnabled=true, platformName=iOS}]
Session ID: f4579f43-ea90-46d1-ac2a-b2969254472c
	at sun.reflect.NativeConstructorAccessorImpl.newInstance0(Native Method)
	at sun.reflect.NativeConstructorAccessorImpl.newInstance(NativeConstructorAccessorImpl.java:62)
	at sun.reflect.DelegatingConstructorAccessorImpl.newInstance(DelegatingConstructorAccessorImpl.java:45)
	at java.lang.reflect.Constructor.newInstance(Constructor.java:423)
	at org.openqa.selenium.remote.ErrorHandler.createThrowable(ErrorHandler.java:206)
	at org.openqa.selenium.remote.ErrorHandler.throwIfResponseFailed(ErrorHandler.java:164)
	at org.openqa.selenium.remote.RemoteWebDriver.execute(RemoteWebDriver.java:647)
	at io.appium.java_client.DefaultGenericMobileDriver.execute(DefaultGenericMobileDriver.java:42)
	at io.appium.java_client.AppiumDriver.execute(AppiumDriver.java:206)
	at io.appium.java_client.AppiumDriver.resetApp(AppiumDriver.java:219)
	at com.ctaf.accelerators.TestEngine.reportHeader(TestEngine.java:398)
	at sun.reflect.NativeMethodAccessorImpl.invoke0(Native Method)
	at sun.reflect.NativeMethodAccessorImpl.invoke(NativeMethodAccessorImpl.java:62)
	at sun.reflect.DelegatingMethodAccessorImpl.invoke(DelegatingMethodAccessorImpl.java:43)
	at java.lang.reflect.Method.invoke(Method.java:498)
	at org.testng.internal.MethodInvocationHelper.invokeMethod(MethodInvocationHelper.java:80)
	at org.testng.internal.Invoker.invokeConfigurationMethod(Invoker.java:564)
	at org.testng.internal.Invoker.invokeConfigurations(Invoker.java:213)
	at org.testng.internal.Invoker.invokeMethod(Invoker.java:653)
	at org.testng.internal.Invoker.invokeTestMethod(Invoker.java:901)
	at org.testng.internal.Invoker.invokeTestMethods(Invoker.java:1231)
	at org.testng.internal.TestMethodWorker.invokeTestMethods(TestMethodWorker.java:127)
	at org.testng.internal.TestMethodWorker.run(TestMethodWorker.java:111)
	at org.testng.TestRunner.privateRun(TestRunner.java:767)
	at org.testng.TestRunner.run(TestRunner.java:617)
	at org.testng.SuiteRunner.runTest(SuiteRunner.java:334)
	at org.testng.SuiteRunner.runSequentially(SuiteRunner.java:329)
	at org.testng.SuiteRunner.privateRun(SuiteRunner.java:291)
	at org.testng.SuiteRunner.run(SuiteRunner.java:240)
	at org.testng.SuiteRunnerWorker.runSuite(SuiteRunnerWorker.java:52)
	at org.testng.SuiteRunnerWorker.run(SuiteRunnerWorker.java:86)
	at org.testng.TestNG.runSuitesSequentially(TestNG.java:1198)
	at org.testng.TestNG.runSuitesLocally(TestNG.java:1123)
	at org.testng.TestNG.run(TestNG.java:1031)
	at org.testng.remote.AbstractRemoteTestNG.run(AbstractRemoteTestNG.java:126)
	at org.testng.remote.RemoteTestNG.initAndRun(RemoteTestNG.java:137)
	at org.testng.remote.RemoteTestNG.main(RemoteTestNG.java:58)
]]>
    </failure>
  </testcase> <!-- validateTestLogin -->
  <testcase name="validateTestLogin" time="0.001" classname="com.mobile.scripts.RP_001_TestLoginFromHome">
    <failure type="org.openqa.selenium.remote.SessionNotFoundException" message="Driver is not ready, cannot execute reset. (WARNING: The server did not provide any stacktrace information)
Command duration or timeout: 6 milliseconds
Build info: version: &#039;2.48.2&#039;, revision: &#039;41bccdd10cf2c0560f637404c2d96164b67d9d67&#039;, time: &#039;2015-10-09 13:08:06&#039;
System info: host: &#039;indrajeets-MacBook-Pro.local&#039;, ip: &#039;172.16.15.202&#039;, os.name: &#039;Mac OS X&#039;, os.arch: &#039;x86_64&#039;, os.version: &#039;10.11.4&#039;, java.version: &#039;1.8.0_91&#039;
Driver info: io.appium.java_client.ios.IOSDriver
Capabilities [{app=/Users/indrajeetkumar/Desktop/RedPlanet/RedPlanetApp-master/RedPlanetTest/iOSApp/RP Staging.app, networkConnectionEnabled=false, autoWebviewTimeout=8000, bundleId=com.redplanethotels.consumer.internal.staging, databaseEnabled=false, deviceName=iPhone 6s Plus, platform=MAC, showIOSLog=true, locationServicesAuthorized=true, desired={app=/Users/indrajeetkumar/Desktop/RedPlanet/RedPlanetApp-master/RedPlanetTest/iOSApp/RP Staging.app, showIOSLog=true, autoWebviewTimeout=8000, locationServicesAuthorized=true, newCommandTimeout=8000, platformVersion=9.3, bundleId=com.redplanethotels.consumer.internal.staging, takesScreenshot=true, waitForAppScript=target.elements().length &gt; 0; $.delay(30000); $.acceptAlert();, platformName=iOS, deviceName=iPhone 6s Plus}, newCommandTimeout=8000, platformVersion=9.3, webStorageEnabled=false, locationContextEnabled=false, browserName=, takesScreenshot=true, waitForAppScript=target.elements().length &gt; 0; $.delay(30000); $.acceptAlert();, javascriptEnabled=true, platformName=iOS}]
Session ID: f4579f43-ea90-46d1-ac2a-b2969254472c">
      <![CDATA[org.openqa.selenium.remote.SessionNotFoundException: Driver is not ready, cannot execute reset. (WARNING: The server did not provide any stacktrace information)
Command duration or timeout: 6 milliseconds
Build info: version: '2.48.2', revision: '41bccdd10cf2c0560f637404c2d96164b67d9d67', time: '2015-10-09 13:08:06'
System info: host: 'indrajeets-MacBook-Pro.local', ip: '172.16.15.202', os.name: 'Mac OS X', os.arch: 'x86_64', os.version: '10.11.4', java.version: '1.8.0_91'
Driver info: io.appium.java_client.ios.IOSDriver
Capabilities [{app=/Users/indrajeetkumar/Desktop/RedPlanet/RedPlanetApp-master/RedPlanetTest/iOSApp/RP Staging.app, networkConnectionEnabled=false, autoWebviewTimeout=8000, bundleId=com.redplanethotels.consumer.internal.staging, databaseEnabled=false, deviceName=iPhone 6s Plus, platform=MAC, showIOSLog=true, locationServicesAuthorized=true, desired={app=/Users/indrajeetkumar/Desktop/RedPlanet/RedPlanetApp-master/RedPlanetTest/iOSApp/RP Staging.app, showIOSLog=true, autoWebviewTimeout=8000, locationServicesAuthorized=true, newCommandTimeout=8000, platformVersion=9.3, bundleId=com.redplanethotels.consumer.internal.staging, takesScreenshot=true, waitForAppScript=target.elements().length > 0; $.delay(30000); $.acceptAlert();, platformName=iOS, deviceName=iPhone 6s Plus}, newCommandTimeout=8000, platformVersion=9.3, webStorageEnabled=false, locationContextEnabled=false, browserName=, takesScreenshot=true, waitForAppScript=target.elements().length > 0; $.delay(30000); $.acceptAlert();, javascriptEnabled=true, platformName=iOS}]
Session ID: f4579f43-ea90-46d1-ac2a-b2969254472c
	at sun.reflect.NativeConstructorAccessorImpl.newInstance0(Native Method)
	at sun.reflect.NativeConstructorAccessorImpl.newInstance(NativeConstructorAccessorImpl.java:62)
	at sun.reflect.DelegatingConstructorAccessorImpl.newInstance(DelegatingConstructorAccessorImpl.java:45)
	at java.lang.reflect.Constructor.newInstance(Constructor.java:423)
	at org.openqa.selenium.remote.ErrorHandler.createThrowable(ErrorHandler.java:206)
	at org.openqa.selenium.remote.ErrorHandler.throwIfResponseFailed(ErrorHandler.java:164)
	at org.openqa.selenium.remote.RemoteWebDriver.execute(RemoteWebDriver.java:647)
	at io.appium.java_client.DefaultGenericMobileDriver.execute(DefaultGenericMobileDriver.java:42)
	at io.appium.java_client.AppiumDriver.execute(AppiumDriver.java:206)
	at io.appium.java_client.AppiumDriver.resetApp(AppiumDriver.java:219)
	at com.ctaf.accelerators.TestEngine.reportHeader(TestEngine.java:398)
	at sun.reflect.NativeMethodAccessorImpl.invoke0(Native Method)
	at sun.reflect.NativeMethodAccessorImpl.invoke(NativeMethodAccessorImpl.java:62)
	at sun.reflect.DelegatingMethodAccessorImpl.invoke(DelegatingMethodAccessorImpl.java:43)
	at java.lang.reflect.Method.invoke(Method.java:498)
	at org.testng.internal.MethodInvocationHelper.invokeMethod(MethodInvocationHelper.java:80)
	at org.testng.internal.Invoker.invokeConfigurationMethod(Invoker.java:564)
	at org.testng.internal.Invoker.invokeConfigurations(Invoker.java:213)
	at org.testng.internal.Invoker.invokeMethod(Invoker.java:653)
	at org.testng.internal.Invoker.invokeTestMethod(Invoker.java:901)
	at org.testng.internal.Invoker.invokeTestMethods(Invoker.java:1231)
	at org.testng.internal.TestMethodWorker.invokeTestMethods(TestMethodWorker.java:127)
	at org.testng.internal.TestMethodWorker.run(TestMethodWorker.java:111)
	at org.testng.TestRunner.privateRun(TestRunner.java:767)
	at org.testng.TestRunner.run(TestRunner.java:617)
	at org.testng.SuiteRunner.runTest(SuiteRunner.java:334)
	at org.testng.SuiteRunner.runSequentially(SuiteRunner.java:329)
	at org.testng.SuiteRunner.privateRun(SuiteRunner.java:291)
	at org.testng.SuiteRunner.run(SuiteRunner.java:240)
	at org.testng.SuiteRunnerWorker.runSuite(SuiteRunnerWorker.java:52)
	at org.testng.SuiteRunnerWorker.run(SuiteRunnerWorker.java:86)
	at org.testng.TestNG.runSuitesSequentially(TestNG.java:1198)
	at org.testng.TestNG.runSuitesLocally(TestNG.java:1123)
	at org.testng.TestNG.run(TestNG.java:1031)
	at org.testng.remote.AbstractRemoteTestNG.run(AbstractRemoteTestNG.java:126)
	at org.testng.remote.RemoteTestNG.initAndRun(RemoteTestNG.java:137)
	at org.testng.remote.RemoteTestNG.main(RemoteTestNG.java:58)
]]>
    </failure>
  </testcase> <!-- validateTestLogin -->
  <testcase name="validateTestLogin" time="0.002" classname="com.mobile.scripts.RP_001_TestLoginFromHome">
    <failure type="org.openqa.selenium.remote.SessionNotFoundException" message="Driver is not ready, cannot execute reset. (WARNING: The server did not provide any stacktrace information)
Command duration or timeout: 6 milliseconds
Build info: version: &#039;2.48.2&#039;, revision: &#039;41bccdd10cf2c0560f637404c2d96164b67d9d67&#039;, time: &#039;2015-10-09 13:08:06&#039;
System info: host: &#039;indrajeets-MacBook-Pro.local&#039;, ip: &#039;172.16.15.202&#039;, os.name: &#039;Mac OS X&#039;, os.arch: &#039;x86_64&#039;, os.version: &#039;10.11.4&#039;, java.version: &#039;1.8.0_91&#039;
Driver info: io.appium.java_client.ios.IOSDriver
Capabilities [{app=/Users/indrajeetkumar/Desktop/RedPlanet/RedPlanetApp-master/RedPlanetTest/iOSApp/RP Staging.app, networkConnectionEnabled=false, autoWebviewTimeout=8000, bundleId=com.redplanethotels.consumer.internal.staging, databaseEnabled=false, deviceName=iPhone 6s Plus, platform=MAC, showIOSLog=true, locationServicesAuthorized=true, desired={app=/Users/indrajeetkumar/Desktop/RedPlanet/RedPlanetApp-master/RedPlanetTest/iOSApp/RP Staging.app, showIOSLog=true, autoWebviewTimeout=8000, locationServicesAuthorized=true, newCommandTimeout=8000, platformVersion=9.3, bundleId=com.redplanethotels.consumer.internal.staging, takesScreenshot=true, waitForAppScript=target.elements().length &gt; 0; $.delay(30000); $.acceptAlert();, platformName=iOS, deviceName=iPhone 6s Plus}, newCommandTimeout=8000, platformVersion=9.3, webStorageEnabled=false, locationContextEnabled=false, browserName=, takesScreenshot=true, waitForAppScript=target.elements().length &gt; 0; $.delay(30000); $.acceptAlert();, javascriptEnabled=true, platformName=iOS}]
Session ID: f4579f43-ea90-46d1-ac2a-b2969254472c">
      <![CDATA[org.openqa.selenium.remote.SessionNotFoundException: Driver is not ready, cannot execute reset. (WARNING: The server did not provide any stacktrace information)
Command duration or timeout: 6 milliseconds
Build info: version: '2.48.2', revision: '41bccdd10cf2c0560f637404c2d96164b67d9d67', time: '2015-10-09 13:08:06'
System info: host: 'indrajeets-MacBook-Pro.local', ip: '172.16.15.202', os.name: 'Mac OS X', os.arch: 'x86_64', os.version: '10.11.4', java.version: '1.8.0_91'
Driver info: io.appium.java_client.ios.IOSDriver
Capabilities [{app=/Users/indrajeetkumar/Desktop/RedPlanet/RedPlanetApp-master/RedPlanetTest/iOSApp/RP Staging.app, networkConnectionEnabled=false, autoWebviewTimeout=8000, bundleId=com.redplanethotels.consumer.internal.staging, databaseEnabled=false, deviceName=iPhone 6s Plus, platform=MAC, showIOSLog=true, locationServicesAuthorized=true, desired={app=/Users/indrajeetkumar/Desktop/RedPlanet/RedPlanetApp-master/RedPlanetTest/iOSApp/RP Staging.app, showIOSLog=true, autoWebviewTimeout=8000, locationServicesAuthorized=true, newCommandTimeout=8000, platformVersion=9.3, bundleId=com.redplanethotels.consumer.internal.staging, takesScreenshot=true, waitForAppScript=target.elements().length > 0; $.delay(30000); $.acceptAlert();, platformName=iOS, deviceName=iPhone 6s Plus}, newCommandTimeout=8000, platformVersion=9.3, webStorageEnabled=false, locationContextEnabled=false, browserName=, takesScreenshot=true, waitForAppScript=target.elements().length > 0; $.delay(30000); $.acceptAlert();, javascriptEnabled=true, platformName=iOS}]
Session ID: f4579f43-ea90-46d1-ac2a-b2969254472c
	at sun.reflect.NativeConstructorAccessorImpl.newInstance0(Native Method)
	at sun.reflect.NativeConstructorAccessorImpl.newInstance(NativeConstructorAccessorImpl.java:62)
	at sun.reflect.DelegatingConstructorAccessorImpl.newInstance(DelegatingConstructorAccessorImpl.java:45)
	at java.lang.reflect.Constructor.newInstance(Constructor.java:423)
	at org.openqa.selenium.remote.ErrorHandler.createThrowable(ErrorHandler.java:206)
	at org.openqa.selenium.remote.ErrorHandler.throwIfResponseFailed(ErrorHandler.java:164)
	at org.openqa.selenium.remote.RemoteWebDriver.execute(RemoteWebDriver.java:647)
	at io.appium.java_client.DefaultGenericMobileDriver.execute(DefaultGenericMobileDriver.java:42)
	at io.appium.java_client.AppiumDriver.execute(AppiumDriver.java:206)
	at io.appium.java_client.AppiumDriver.resetApp(AppiumDriver.java:219)
	at com.ctaf.accelerators.TestEngine.reportHeader(TestEngine.java:398)
	at sun.reflect.NativeMethodAccessorImpl.invoke0(Native Method)
	at sun.reflect.NativeMethodAccessorImpl.invoke(NativeMethodAccessorImpl.java:62)
	at sun.reflect.DelegatingMethodAccessorImpl.invoke(DelegatingMethodAccessorImpl.java:43)
	at java.lang.reflect.Method.invoke(Method.java:498)
	at org.testng.internal.MethodInvocationHelper.invokeMethod(MethodInvocationHelper.java:80)
	at org.testng.internal.Invoker.invokeConfigurationMethod(Invoker.java:564)
	at org.testng.internal.Invoker.invokeConfigurations(Invoker.java:213)
	at org.testng.internal.Invoker.invokeMethod(Invoker.java:653)
	at org.testng.internal.Invoker.invokeTestMethod(Invoker.java:901)
	at org.testng.internal.Invoker.invokeTestMethods(Invoker.java:1231)
	at org.testng.internal.TestMethodWorker.invokeTestMethods(TestMethodWorker.java:127)
	at org.testng.internal.TestMethodWorker.run(TestMethodWorker.java:111)
	at org.testng.TestRunner.privateRun(TestRunner.java:767)
	at org.testng.TestRunner.run(TestRunner.java:617)
	at org.testng.SuiteRunner.runTest(SuiteRunner.java:334)
	at org.testng.SuiteRunner.runSequentially(SuiteRunner.java:329)
	at org.testng.SuiteRunner.privateRun(SuiteRunner.java:291)
	at org.testng.SuiteRunner.run(SuiteRunner.java:240)
	at org.testng.SuiteRunnerWorker.runSuite(SuiteRunnerWorker.java:52)
	at org.testng.SuiteRunnerWorker.run(SuiteRunnerWorker.java:86)
	at org.testng.TestNG.runSuitesSequentially(TestNG.java:1198)
	at org.testng.TestNG.runSuitesLocally(TestNG.java:1123)
	at org.testng.TestNG.run(TestNG.java:1031)
	at org.testng.remote.AbstractRemoteTestNG.run(AbstractRemoteTestNG.java:126)
	at org.testng.remote.RemoteTestNG.initAndRun(RemoteTestNG.java:137)
	at org.testng.remote.RemoteTestNG.main(RemoteTestNG.java:58)
]]>
    </failure>
  </testcase> <!-- validateTestLogin -->
  <testcase name="validateTestLogin" time="0.001" classname="com.mobile.scripts.RP_001_TestLoginFromHome">
    <failure type="org.openqa.selenium.remote.SessionNotFoundException" message="Driver is not ready, cannot execute reset. (WARNING: The server did not provide any stacktrace information)
Command duration or timeout: 6 milliseconds
Build info: version: &#039;2.48.2&#039;, revision: &#039;41bccdd10cf2c0560f637404c2d96164b67d9d67&#039;, time: &#039;2015-10-09 13:08:06&#039;
System info: host: &#039;indrajeets-MacBook-Pro.local&#039;, ip: &#039;172.16.15.202&#039;, os.name: &#039;Mac OS X&#039;, os.arch: &#039;x86_64&#039;, os.version: &#039;10.11.4&#039;, java.version: &#039;1.8.0_91&#039;
Driver info: io.appium.java_client.ios.IOSDriver
Capabilities [{app=/Users/indrajeetkumar/Desktop/RedPlanet/RedPlanetApp-master/RedPlanetTest/iOSApp/RP Staging.app, networkConnectionEnabled=false, autoWebviewTimeout=8000, bundleId=com.redplanethotels.consumer.internal.staging, databaseEnabled=false, deviceName=iPhone 6s Plus, platform=MAC, showIOSLog=true, locationServicesAuthorized=true, desired={app=/Users/indrajeetkumar/Desktop/RedPlanet/RedPlanetApp-master/RedPlanetTest/iOSApp/RP Staging.app, showIOSLog=true, autoWebviewTimeout=8000, locationServicesAuthorized=true, newCommandTimeout=8000, platformVersion=9.3, bundleId=com.redplanethotels.consumer.internal.staging, takesScreenshot=true, waitForAppScript=target.elements().length &gt; 0; $.delay(30000); $.acceptAlert();, platformName=iOS, deviceName=iPhone 6s Plus}, newCommandTimeout=8000, platformVersion=9.3, webStorageEnabled=false, locationContextEnabled=false, browserName=, takesScreenshot=true, waitForAppScript=target.elements().length &gt; 0; $.delay(30000); $.acceptAlert();, javascriptEnabled=true, platformName=iOS}]
Session ID: f4579f43-ea90-46d1-ac2a-b2969254472c">
      <![CDATA[org.openqa.selenium.remote.SessionNotFoundException: Driver is not ready, cannot execute reset. (WARNING: The server did not provide any stacktrace information)
Command duration or timeout: 6 milliseconds
Build info: version: '2.48.2', revision: '41bccdd10cf2c0560f637404c2d96164b67d9d67', time: '2015-10-09 13:08:06'
System info: host: 'indrajeets-MacBook-Pro.local', ip: '172.16.15.202', os.name: 'Mac OS X', os.arch: 'x86_64', os.version: '10.11.4', java.version: '1.8.0_91'
Driver info: io.appium.java_client.ios.IOSDriver
Capabilities [{app=/Users/indrajeetkumar/Desktop/RedPlanet/RedPlanetApp-master/RedPlanetTest/iOSApp/RP Staging.app, networkConnectionEnabled=false, autoWebviewTimeout=8000, bundleId=com.redplanethotels.consumer.internal.staging, databaseEnabled=false, deviceName=iPhone 6s Plus, platform=MAC, showIOSLog=true, locationServicesAuthorized=true, desired={app=/Users/indrajeetkumar/Desktop/RedPlanet/RedPlanetApp-master/RedPlanetTest/iOSApp/RP Staging.app, showIOSLog=true, autoWebviewTimeout=8000, locationServicesAuthorized=true, newCommandTimeout=8000, platformVersion=9.3, bundleId=com.redplanethotels.consumer.internal.staging, takesScreenshot=true, waitForAppScript=target.elements().length > 0; $.delay(30000); $.acceptAlert();, platformName=iOS, deviceName=iPhone 6s Plus}, newCommandTimeout=8000, platformVersion=9.3, webStorageEnabled=false, locationContextEnabled=false, browserName=, takesScreenshot=true, waitForAppScript=target.elements().length > 0; $.delay(30000); $.acceptAlert();, javascriptEnabled=true, platformName=iOS}]
Session ID: f4579f43-ea90-46d1-ac2a-b2969254472c
	at sun.reflect.NativeConstructorAccessorImpl.newInstance0(Native Method)
	at sun.reflect.NativeConstructorAccessorImpl.newInstance(NativeConstructorAccessorImpl.java:62)
	at sun.reflect.DelegatingConstructorAccessorImpl.newInstance(DelegatingConstructorAccessorImpl.java:45)
	at java.lang.reflect.Constructor.newInstance(Constructor.java:423)
	at org.openqa.selenium.remote.ErrorHandler.createThrowable(ErrorHandler.java:206)
	at org.openqa.selenium.remote.ErrorHandler.throwIfResponseFailed(ErrorHandler.java:164)
	at org.openqa.selenium.remote.RemoteWebDriver.execute(RemoteWebDriver.java:647)
	at io.appium.java_client.DefaultGenericMobileDriver.execute(DefaultGenericMobileDriver.java:42)
	at io.appium.java_client.AppiumDriver.execute(AppiumDriver.java:206)
	at io.appium.java_client.AppiumDriver.resetApp(AppiumDriver.java:219)
	at com.ctaf.accelerators.TestEngine.reportHeader(TestEngine.java:398)
	at sun.reflect.NativeMethodAccessorImpl.invoke0(Native Method)
	at sun.reflect.NativeMethodAccessorImpl.invoke(NativeMethodAccessorImpl.java:62)
	at sun.reflect.DelegatingMethodAccessorImpl.invoke(DelegatingMethodAccessorImpl.java:43)
	at java.lang.reflect.Method.invoke(Method.java:498)
	at org.testng.internal.MethodInvocationHelper.invokeMethod(MethodInvocationHelper.java:80)
	at org.testng.internal.Invoker.invokeConfigurationMethod(Invoker.java:564)
	at org.testng.internal.Invoker.invokeConfigurations(Invoker.java:213)
	at org.testng.internal.Invoker.invokeMethod(Invoker.java:653)
	at org.testng.internal.Invoker.invokeTestMethod(Invoker.java:901)
	at org.testng.internal.Invoker.invokeTestMethods(Invoker.java:1231)
	at org.testng.internal.TestMethodWorker.invokeTestMethods(TestMethodWorker.java:127)
	at org.testng.internal.TestMethodWorker.run(TestMethodWorker.java:111)
	at org.testng.TestRunner.privateRun(TestRunner.java:767)
	at org.testng.TestRunner.run(TestRunner.java:617)
	at org.testng.SuiteRunner.runTest(SuiteRunner.java:334)
	at org.testng.SuiteRunner.runSequentially(SuiteRunner.java:329)
	at org.testng.SuiteRunner.privateRun(SuiteRunner.java:291)
	at org.testng.SuiteRunner.run(SuiteRunner.java:240)
	at org.testng.SuiteRunnerWorker.runSuite(SuiteRunnerWorker.java:52)
	at org.testng.SuiteRunnerWorker.run(SuiteRunnerWorker.java:86)
	at org.testng.TestNG.runSuitesSequentially(TestNG.java:1198)
	at org.testng.TestNG.runSuitesLocally(TestNG.java:1123)
	at org.testng.TestNG.run(TestNG.java:1031)
	at org.testng.remote.AbstractRemoteTestNG.run(AbstractRemoteTestNG.java:126)
	at org.testng.remote.RemoteTestNG.initAndRun(RemoteTestNG.java:137)
	at org.testng.remote.RemoteTestNG.main(RemoteTestNG.java:58)
]]>
    </failure>
  </testcase> <!-- validateTestLogin -->
  <testcase name="validateTestLogin" time="97.226" classname="com.mobile.scripts.RP_001_TestLoginFromHome"/>
</testsuite> <!-- com.mobile.scripts.RP_001_TestLoginFromHome -->
