<?xml version="1.0" encoding="UTF-8"?>
<!-- Generated by org.testng.reporters.JUnitReportReporter -->
<testsuite hostname="HW1819.local" name="flynas.ios.Prod.routes;.TC75_roundTripDomesticFlex_JED_MED" tests="1" failures="0" timestamp="8 Aug 2017 13:06:01 GMT" time="660.265" errors="0">
  <testcase name="TC_75_roundTripDomesticFlex_JED_MED" time="660.265" classname="flynas.ios.Prod.routes;.TC75_roundTripDomesticFlex_JED_MED"/>
</testsuite> <!-- flynas.ios.Prod.routes;.TC75_roundTripDomesticFlex_JED_MED -->
