<?xml version="1.0" encoding="UTF-8"?>
<!-- Generated by org.testng.reporters.JUnitReportReporter -->
<testsuite hostname="HW1819.local" name="flynas.ios.Prod.routes;.TC20_roundTripDomesticEconomy_DMM_MED" tests="1" failures="0" timestamp="7 Aug 2017 12:57:43 GMT" time="629.463" errors="0">
  <testcase name="TC_20_roundTripDomesticEconomy_DMM_MED" time="629.463" classname="flynas.ios.Prod.routes;.TC20_roundTripDomesticEconomy_DMM_MED"/>
</testsuite> <!-- flynas.ios.Prod.routes;.TC20_roundTripDomesticEconomy_DMM_MED -->
