<?xml version="1.0" encoding="UTF-8"?>
<!-- Generated by org.testng.reporters.JUnitReportReporter -->
<testsuite hostname="HW0901" name="flynas.web.scripts.TC_12_PayWithCreditShell" tests="1" failures="0" timestamp="31 Jan 2017 11:10:10 GMT" time="474.846" errors="0">
  <testcase name="PayWithCreditShell" time="474.846" classname="flynas.web.scripts.TC_12_PayWithCreditShell"/>
</testsuite> <!-- flynas.web.scripts.TC_12_PayWithCreditShell -->
