<?xml version="1.0" encoding="UTF-8"?>
<!-- Generated by org.testng.reporters.JUnitReportReporter -->
<testsuite hostname="HW1819.local" name="flynas.ios.scripts.TC81_oundTripDomesticFlex_DMM_YNB" tests="1" failures="0" timestamp="2 May 2017 03:57:59 GMT" time="257.918" errors="0">
  <testcase name="TC_81_oundTripDomesticFlex_DMM_YNB" time="257.918" classname="flynas.ios.scripts.TC81_oundTripDomesticFlex_DMM_YNB"/>
</testsuite> <!-- flynas.ios.scripts.TC81_oundTripDomesticFlex_DMM_YNB -->
