<?xml version="1.0" encoding="UTF-8"?>
<!-- Generated by org.testng.reporters.JUnitReportReporter -->
<testsuite hostname="HW0901" name="flynas.web.scripts.TC05_onewaydom8Business" tests="1" failures="0" timestamp="1 Feb 2017 11:03:10 GMT" time="475.529" errors="0">
  <testcase name="TC_05_onewaydom8Business" time="475.529" classname="flynas.web.scripts.TC05_onewaydom8Business"/>
</testsuite> <!-- flynas.web.scripts.TC05_onewaydom8Business -->
