<?xml version="1.0" encoding="UTF-8"?>
<!-- Generated by org.testng.reporters.JUnitReportReporter -->
<testsuite hostname="HW1819.local" name="flynas.ios.Prod.routes;.TC40_oneWayInternationalEconomy_JED_HBE" tests="1" failures="0" timestamp="8 Aug 2017 10:09:23 GMT" time="436.328" errors="0">
  <testcase name="TC_40_oneWayInternationalEconomy_JED_HBE" time="436.328" classname="flynas.ios.Prod.routes;.TC40_oneWayInternationalEconomy_JED_HBE"/>
</testsuite> <!-- flynas.ios.Prod.routes;.TC40_oneWayInternationalEconomy_JED_HBE -->
