<?xml version="1.0" encoding="UTF-8"?>
<!-- Generated by org.testng.reporters.JUnitReportReporter -->
<testsuite hostname="HW1819.local" name="flynas.ios.Prod.routes;.TC19_roundTripDomesticEconomy_DMM_YNB" tests="1" failures="0" timestamp="7 Aug 2017 12:57:43 GMT" time="503.010" errors="0">
  <testcase name="TC_19_roundTripDomesticEconomy_DMM_YNB" time="503.010" classname="flynas.ios.Prod.routes;.TC19_roundTripDomesticEconomy_DMM_YNB"/>
</testsuite> <!-- flynas.ios.Prod.routes;.TC19_roundTripDomesticEconomy_DMM_YNB -->
