<?xml version="1.0" encoding="UTF-8"?>
<!-- Generated by org.testng.reporters.JUnitReportReporter -->
<testsuite hostname="HW1315" name="flynas.web.scripts.TC04_onewaydomesticBusiness" tests="1" failures="0" timestamp="28 Nov 2016 05:28:48 GMT" time="138.407" errors="0">
  <testcase name="TC_04_onewaydomesticBusiness" time="138.407" classname="flynas.web.scripts.TC04_onewaydomesticBusiness"/>
</testsuite> <!-- flynas.web.scripts.TC04_onewaydomesticBusiness -->
