<?xml version="1.0" encoding="UTF-8"?>
<!-- Generated by org.testng.reporters.JUnitReportReporter -->
<testsuite hostname="HW0901" name="flynas.web.scripts.TC04_oneWayDomOneAdultCheckin" tests="1" failures="0" timestamp="31 Jan 2017 11:10:10 GMT" time="1083.337" errors="0">
  <testcase name="TC_04_oneWayDomOneAdultCheckin" time="1083.337" classname="flynas.web.scripts.TC04_oneWayDomOneAdultCheckin"/>
</testsuite> <!-- flynas.web.scripts.TC04_oneWayDomOneAdultCheckin -->
