<?xml version="1.0" encoding="UTF-8"?>
<!-- Generated by org.testng.reporters.JUnitReportReporter -->
<testsuite hostname="HW1819.local" name="flynas.ios.Prod.routes;.TC18_roundTripDomesticEconomy_DMM_AHB" tests="1" failures="0" timestamp="7 Aug 2017 12:57:43 GMT" time="697.750" errors="0">
  <testcase name="TC_18_roundTripDomesticEconomy_DMM_AHB" time="697.750" classname="flynas.ios.Prod.routes;.TC18_roundTripDomesticEconomy_DMM_AHB"/>
</testsuite> <!-- flynas.ios.Prod.routes;.TC18_roundTripDomesticEconomy_DMM_AHB -->
