<?xml version="1.0" encoding="UTF-8"?>
<!-- Generated by org.testng.reporters.JUnitReportReporter -->
<testsuite hostname="HW1819.local" name="flynas.ios.Prod.routes;.TC50_roundTripInternationalEconomy_RUH_AMM" tests="1" failures="0" timestamp="8 Aug 2017 10:09:22 GMT" time="1093.814" errors="0">
  <testcase name="TC_50_roundTripInternationalEconomy_RUH_AMM" time="1093.814" classname="flynas.ios.Prod.routes;.TC50_roundTripInternationalEconomy_RUH_AMM"/>
</testsuite> <!-- flynas.ios.Prod.routes;.TC50_roundTripInternationalEconomy_RUH_AMM -->
