<?xml version="1.0" encoding="UTF-8"?>
<!-- Generated by org.testng.reporters.JUnitReportReporter -->
<testsuite hostname="HW1819.local" name="flynas.ios.scripts.TC132_oneWayDomesticBusiness_RUH_URY" tests="1" failures="0" timestamp="9 Jun 2017 10:59:08 GMT" time="436.242" errors="0">
  <testcase name="TC_132_oneWayDomesticBusiness_RUH_URY" time="436.242" classname="flynas.ios.scripts.TC132_oneWayDomesticBusiness_RUH_URY"/>
</testsuite> <!-- flynas.ios.scripts.TC132_oneWayDomesticBusiness_RUH_URY -->
