<?xml version="1.0" encoding="UTF-8"?>
<!-- Generated by org.testng.reporters.JUnitReportReporter -->
<testsuite hostname="HW0901" name="flynas.web.scripts.TC17_memberLoginRTChangeflightCheckIN" tests="1" failures="0" timestamp="1 Feb 2017 12:21:05 GMT" time="657.525" errors="0">
  <testcase name="TC_17_memberLoginRTChangeflightCheckIN" time="657.525" classname="flynas.web.scripts.TC17_memberLoginRTChangeflightCheckIN"/>
</testsuite> <!-- flynas.web.scripts.TC17_memberLoginRTChangeflightCheckIN -->
