<?xml version="1.0" encoding="UTF-8"?>
<!-- Generated by org.testng.reporters.JUnitReportReporter -->
<testsuite hostname="HW0901" name="flynas.android.scripts.TC08_RTInt1ad1Ch1InBusExtra" tests="1" failures="0" timestamp="27 Jan 2017 10:46:41 GMT" time="886.741" errors="0">
  <testcase name="TC_08_RTInt1ad1Ch1InBusExtra" time="886.741" classname="flynas.android.scripts.TC08_RTInt1ad1Ch1InBusExtra"/>
</testsuite> <!-- flynas.android.scripts.TC08_RTInt1ad1Ch1InBusExtra -->
