<?xml version="1.0" encoding="UTF-8"?>
<!-- Generated by org.testng.reporters.JUnitReportReporter -->
<testsuite hostname="HW0901" name="flynas.production.scripts.TC11_verifingServiceChargeOWSingleBusAR" tests="1" failures="0" timestamp="25 Jan 2017 05:57:22 GMT" time="95.064" errors="0">
  <testcase name="TC_11_verifingServiceChargeOWSingleBusAR" time="95.064" classname="flynas.production.scripts.TC11_verifingServiceChargeOWSingleBusAR"/>
</testsuite> <!-- flynas.production.scripts.TC11_verifingServiceChargeOWSingleBusAR -->
