<?xml version="1.0" encoding="UTF-8"?>
<!-- Generated by org.testng.reporters.JUnitReportReporter -->
<testsuite hostname="HW1819.local" name="flynas.ios.scripts.TC128_oneWayDomesticBusiness_RUH_MED" tests="1" failures="0" timestamp="9 Jun 2017 10:59:08 GMT" time="565.947" errors="0">
  <testcase name="TC_128_oneWayDomesticBusiness_RUH_MED" time="565.947" classname="flynas.ios.scripts.TC128_oneWayDomesticBusiness_RUH_MED"/>
</testsuite> <!-- flynas.ios.scripts.TC128_oneWayDomesticBusiness_RUH_MED -->
