<?xml version="1.0" encoding="UTF-8"?>
<!-- Generated by org.testng.reporters.JUnitReportReporter -->
<testsuite hostname="hw1819.cignitiglobal.com" name="flynas.ios.uat.reg.TC02_g_oneWayDomesticEcoSADAD" tests="1" failures="0" timestamp="15 Mar 2018 10:09:38 GMT" time="683.952" errors="0">
  <testcase name="TC0_2g_oneWayDomesticEcoSADAD" time="683.952" classname="flynas.ios.uat.reg.TC02_g_oneWayDomesticEcoSADAD"/>
</testsuite> <!-- flynas.ios.uat.reg.TC02_g_oneWayDomesticEcoSADAD -->
