<?xml version="1.0" encoding="UTF-8"?>
<!-- Generated by org.testng.reporters.JUnitReportReporter -->
<testsuite hostname="HW0901" name="flynas.android.scripts.TC13_oneWayDomesticBusinessCC" tests="1" failures="0" timestamp="27 Jan 2017 12:32:25 GMT" time="249.932" errors="0">
  <testcase name="TC_13_oneWayDomesticBusinessCC" time="249.932" classname="flynas.android.scripts.TC13_oneWayDomesticBusinessCC"/>
</testsuite> <!-- flynas.android.scripts.TC13_oneWayDomesticBusinessCC -->
