<?xml version="1.0" encoding="UTF-8"?>
<!-- Generated by org.testng.reporters.JUnitReportReporter -->
<testsuite hostname="HW1819.local" name="flynas.ios.Prod.routes;.TC44_roundTripInternationalEconomy_JED_SSH" tests="1" failures="0" timestamp="8 Aug 2017 10:09:23 GMT" time="631.365" errors="0">
  <testcase name="TC_44_roundTripInternationalEconomy_JED_SSH" time="631.365" classname="flynas.ios.Prod.routes;.TC44_roundTripInternationalEconomy_JED_SSH"/>
</testsuite> <!-- flynas.ios.Prod.routes;.TC44_roundTripInternationalEconomy_JED_SSH -->
