<?xml version="1.0" encoding="UTF-8"?>
<!-- Generated by org.testng.reporters.JUnitReportReporter -->
<testsuite hostname="HW0901" name="flynas.production.scripts.TC06_verifingServiceChargeRTBusinessDomestic" tests="1" failures="0" timestamp="20 Jan 2017 10:50:20 GMT" time="131.671" errors="0">
  <testcase name="TC_06_verifingServiceChargeRTBusinessDomestic" time="131.671" classname="flynas.production.scripts.TC06_verifingServiceChargeRTBusinessDomestic"/>
</testsuite> <!-- flynas.production.scripts.TC06_verifingServiceChargeRTBusinessDomestic -->
