<?xml version="1.0" encoding="UTF-8"?>
<!-- Generated by org.testng.reporters.JUnitReportReporter -->
<testsuite hostname="HW1819.local" name="flynas.ios.scripts.TC131_oneWayDomesticBusiness_RUH_TUU" tests="1" failures="0" timestamp="9 Jun 2017 10:59:08 GMT" time="497.325" errors="0">
  <testcase name="TC_131_oneWayDomesticBusiness_RUH_TUU" time="497.325" classname="flynas.ios.scripts.TC131_oneWayDomesticBusiness_RUH_TUU"/>
</testsuite> <!-- flynas.ios.scripts.TC131_oneWayDomesticBusiness_RUH_TUU -->
