<?xml version="1.0" encoding="UTF-8"?>
<!-- Generated by org.testng.reporters.JUnitReportReporter -->
<testsuite hostname="HW1819.local" name="flynas.ios.Prod.routes;.TC71_oneWayDomesticFlex_RUH_AJF" tests="1" failures="0" timestamp="8 Aug 2017 12:30:42 GMT" time="460.580" errors="0">
  <testcase name="TC_71_oneWayDomesticFlex_RUH_AJF" time="460.580" classname="flynas.ios.Prod.routes;.TC71_oneWayDomesticFlex_RUH_AJF"/>
</testsuite> <!-- flynas.ios.Prod.routes;.TC71_oneWayDomesticFlex_RUH_AJF -->
