<?xml version="1.0" encoding="UTF-8"?>
<!-- Generated by org.testng.reporters.JUnitReportReporter -->
<testsuite hostname="HW0901" name="flynas.production.scripts.TC19_verifingSerCharChildDisOWMultiEcoIntlTR" tests="1" failures="0" timestamp="30 Jan 2017 06:11:31 GMT" time="164.837" errors="0">
  <testcase name="TC_10_verifingSerCharChildDisInArabic" time="164.837" classname="flynas.production.scripts.TC19_verifingSerCharChildDisOWMultiEcoIntlTR"/>
</testsuite> <!-- flynas.production.scripts.TC19_verifingSerCharChildDisOWMultiEcoIntlTR -->
