<?xml version="1.0" encoding="UTF-8"?>
<!-- Generated by org.testng.reporters.JUnitReportReporter -->
<testsuite hostname="HW1819.local" name="flynas.ios.Prod.routes.TC01_oneWayDomesticEconomy_RUH_JED" tests="1" failures="0" timestamp="19 Dec 2017 14:13:49 GMT" time="708.863" errors="0">
  <testcase name="TC_01_oneWayDomesticEconomy_RUH_JED" time="708.863" classname="flynas.ios.Prod.routes.TC01_oneWayDomesticEconomy_RUH_JED"/>
</testsuite> <!-- flynas.ios.Prod.routes.TC01_oneWayDomesticEconomy_RUH_JED -->
