<?xml version="1.0" encoding="UTF-8"?>
<!-- Generated by org.testng.reporters.JUnitReportReporter -->
<testsuite hostname="HW1819.local" name="flynas.ios.Prod.routes;.TC24_roundTripDomesticEconomy_DMM_TUU" tests="1" failures="0" timestamp="7 Aug 2017 12:57:43 GMT" time="596.324" errors="0">
  <testcase name="TC_24_roundTripDomesticEconomy_DMM_TUU" time="596.324" classname="flynas.ios.Prod.routes;.TC24_roundTripDomesticEconomy_DMM_TUU"/>
</testsuite> <!-- flynas.ios.Prod.routes;.TC24_roundTripDomesticEconomy_DMM_TUU -->
