<?xml version="1.0" encoding="UTF-8"?>
<!-- Generated by org.testng.reporters.JUnitReportReporter -->
<testsuite hostname="HW0901" name="flynas.production.scripts.TC16_verifingServiceChargeMTSingleEco" tests="1" failures="0" timestamp="27 Jan 2017 06:12:02 GMT" time="139.805" errors="0">
  <testcase name="TC_16_verifingServiceChargeMTSingleEco" time="139.805" classname="flynas.production.scripts.TC16_verifingServiceChargeMTSingleEco"/>
</testsuite> <!-- flynas.production.scripts.TC16_verifingServiceChargeMTSingleEco -->
