<?xml version="1.0" encoding="UTF-8"?>
<!-- Generated by org.testng.reporters.JUnitReportReporter -->
<testsuite hostname="HW1819.local" name="flynas.ios.Prod.routes;.TC67_oneWayDomesticFlex_RUH_TIF" tests="1" failures="0" timestamp="8 Aug 2017 12:30:42 GMT" time="517.189" errors="0">
  <testcase name="TC_67_oneWayDomesticFlex_RUH_TIF" time="517.189" classname="flynas.ios.Prod.routes;.TC67_oneWayDomesticFlex_RUH_TIF"/>
</testsuite> <!-- flynas.ios.Prod.routes;.TC67_oneWayDomesticFlex_RUH_TIF -->
