<?xml version="1.0" encoding="UTF-8"?>
<!-- Generated by org.testng.reporters.JUnitReportReporter -->
<testsuite hostname="HW1819.local" name="flynas.ios.Prod.routes;.TC64_oneWayDomesticFlex_RUH_DMM" tests="1" failures="0" timestamp="8 Aug 2017 12:30:42 GMT" time="473.503" errors="0">
  <testcase name="TC_64_oneWayDomesticFlex_RUH_DMM" time="473.503" classname="flynas.ios.Prod.routes;.TC64_oneWayDomesticFlex_RUH_DMM"/>
</testsuite> <!-- flynas.ios.Prod.routes;.TC64_oneWayDomesticFlex_RUH_DMM -->
