<?xml version="1.0" encoding="UTF-8"?>
<!-- Generated by org.testng.reporters.JUnitReportReporter -->
<testsuite hostname="HW1819.local" name="flynas.ios.scripts.TC01_oneWayDomesticEcoSADAD" tests="1" failures="0" timestamp="1 Mar 2017 10:46:45 GMT" time="2527.729" errors="0">
  <testcase name="TC_01_oneWayDomesticEcoSADAD" time="2527.729" classname="flynas.ios.scripts.TC01_oneWayDomesticEcoSADAD"/>
</testsuite> <!-- flynas.ios.scripts.TC01_oneWayDomesticEcoSADAD -->
