<?xml version="1.0" encoding="UTF-8"?>
<!-- Generated by org.testng.reporters.JUnitReportReporter -->
<testsuite hostname="HW0901" name="flynas.android.scripts.TC03_oneWayDomesticEcoChangeDate" tests="1" failures="0" timestamp="27 Jan 2017 06:33:45 GMT" time="392.507" errors="0">
  <testcase name="TC_03_oneWayDomesticEcoChangeDate" time="392.507" classname="flynas.android.scripts.TC03_oneWayDomesticEcoChangeDate"/>
</testsuite> <!-- flynas.android.scripts.TC03_oneWayDomesticEcoChangeDate -->
