<?xml version="1.0" encoding="UTF-8"?>
<!-- Generated by org.testng.reporters.JUnitReportReporter -->
<testsuite hostname="HW1819.local" name="flynas.ios.Prod.routes;.TC51_multiCityInternationalEconomy_JED_SAW" tests="1" failures="0" timestamp="8 Aug 2017 10:09:23 GMT" time="734.834" errors="0">
  <testcase name="TC_51_multiCityInternationalEconomy_JED_SAW" time="734.834" classname="flynas.ios.Prod.routes;.TC51_multiCityInternationalEconomy_JED_SAW"/>
</testsuite> <!-- flynas.ios.Prod.routes;.TC51_multiCityInternationalEconomy_JED_SAW -->
