<?xml version="1.0" encoding="UTF-8"?>
<!-- Generated by org.testng.reporters.JUnitReportReporter -->
<testsuite hostname="indrajeets-MacBook-Pro.local" name="com.mobile.scripts.RP_Smoke_TestBookNow" tests="1" failures="0" timestamp="26 Jul 2016 07:00:42 GMT" time="226.072" errors="0">
  <testcase name="smokeTestBookNow" time="226.072" classname="com.mobile.scripts.RP_Smoke_TestBookNow"/>
</testsuite> <!-- com.mobile.scripts.RP_Smoke_TestBookNow -->
