<?xml version="1.0" encoding="UTF-8"?>
<!-- Generated by org.testng.reporters.JUnitReportReporter -->
<testsuite hostname="HW0865" name="com.androidMobile.scripts.RP_016_TestTabsLocalAttractions" tests="1" failures="0" timestamp="5 Aug 2016 10:16:54 GMT" time="299.978" errors="0">
  <testcase name="testLocalAttractions" time="299.978" classname="com.androidMobile.scripts.RP_016_TestTabsLocalAttractions"/>
</testsuite> <!-- com.androidMobile.scripts.RP_016_TestTabsLocalAttractions -->
