<?xml version="1.0" encoding="UTF-8"?>
<!-- Generated by org.testng.reporters.JUnitReportReporter -->
<testsuite hostname="HW1819.local" name="flynas.ios.Prod.routes;.TC39_oneWayInternationalEconomy_JED_ASW" tests="1" failures="0" timestamp="8 Aug 2017 10:09:23 GMT" time="330.150" errors="0">
  <testcase name="TC_39_oneWayInternationalEconomy_JED_ASW" time="330.150" classname="flynas.ios.Prod.routes;.TC39_oneWayInternationalEconomy_JED_ASW"/>
</testsuite> <!-- flynas.ios.Prod.routes;.TC39_oneWayInternationalEconomy_JED_ASW -->
