<?xml version="1.0" encoding="UTF-8"?>
<!-- Generated by org.testng.reporters.JUnitReportReporter -->
<testsuite hostname="HW1819.local" name="flynas.ios.Prod.routes;.TC41_oneWayInternationalEconomy_JED_HMB" tests="1" failures="0" timestamp="8 Aug 2017 10:09:23 GMT" time="591.170" errors="0">
  <testcase name="TC_41_oneWayInternationalEconomy_JED_HMB" time="591.170" classname="flynas.ios.Prod.routes;.TC41_oneWayInternationalEconomy_JED_HMB"/>
</testsuite> <!-- flynas.ios.Prod.routes;.TC41_oneWayInternationalEconomy_JED_HMB -->
