<?xml version="1.0" encoding="UTF-8"?>
<!-- Generated by org.testng.reporters.JUnitReportReporter -->
<testsuite hostname="HW1819.local" name="flynas.ios.Prod.routes;.TC11_roundTripDomesticEconomy_JED_DMM" tests="1" failures="0" timestamp="7 Aug 2017 10:01:46 GMT" time="772.332" errors="0">
  <testcase name="TC_11_roundTripDomesticEconomy_JED_DMM" time="772.332" classname="flynas.ios.Prod.routes;.TC11_roundTripDomesticEconomy_JED_DMM"/>
</testsuite> <!-- flynas.ios.Prod.routes;.TC11_roundTripDomesticEconomy_JED_DMM -->
