<?xml version="1.0" encoding="UTF-8"?>
<!-- Generated by org.testng.reporters.JUnitReportReporter -->
<testsuite hostname="HW0901" name="flynas.production.scripts.TC27_verifingSerCharChildDisMTSingleBusIntlTR" tests="1" failures="0" timestamp="31 Jan 2017 06:09:15 GMT" time="173.247" errors="0">
  <testcase name="TC_27_verifingSerCharChildDisMTSingleBusIntlTR" time="173.247" classname="flynas.production.scripts.TC27_verifingSerCharChildDisMTSingleBusIntlTR"/>
</testsuite> <!-- flynas.production.scripts.TC27_verifingSerCharChildDisMTSingleBusIntlTR -->
