<?xml version="1.0" encoding="UTF-8"?>
<!-- Generated by org.testng.reporters.JUnitReportReporter -->
<testsuite hostname="HW1819.local" name="flynas.ios.Prod.routes;.TC69_oneWayDomesticFlex_RUH_TUU" tests="1" failures="0" timestamp="8 Aug 2017 12:30:42 GMT" time="357.246" errors="0">
  <testcase name="TC_69_oneWayDomesticFlex_RUH_TUU" time="357.246" classname="flynas.ios.Prod.routes;.TC69_oneWayDomesticFlex_RUH_TUU"/>
</testsuite> <!-- flynas.ios.Prod.routes;.TC69_oneWayDomesticFlex_RUH_TUU -->
