<?xml version="1.0" encoding="UTF-8"?>
<!-- Generated by org.testng.reporters.JUnitReportReporter -->
<testsuite hostname="indrajeets-MBP" name="com.mobile.scripts.RP_Smoke_TestAboutUs" tests="1" failures="0" timestamp="17 Jul 2016 16:26:30 GMT" time="109.051" errors="0">
  <testcase name="testAboutUs" time="109.051" classname="com.mobile.scripts.RP_Smoke_TestAboutUs"/>
</testsuite> <!-- com.mobile.scripts.RP_Smoke_TestAboutUs -->
