<?xml version="1.0" encoding="UTF-8"?>
<!-- Generated by org.testng.reporters.JUnitReportReporter -->
<testsuite hostname="HW0901" name="flynas.android.scripts.TC09_RTInt1ad1Ch1InEcoExtras" tests="1" failures="0" timestamp="27 Jan 2017 11:13:46 GMT" time="325.607" errors="0">
  <testcase name="TC_09_RTInt1ad1Ch1InEcoExtras" time="325.607" classname="flynas.android.scripts.TC09_RTInt1ad1Ch1InEcoExtras"/>
</testsuite> <!-- flynas.android.scripts.TC09_RTInt1ad1Ch1InEcoExtras -->
