<?xml version="1.0" encoding="UTF-8"?>
<!-- Generated by org.testng.reporters.JUnitReportReporter -->
<testsuite hostname="HW0901" name="flynas.production.scripts.TC21_verfingServiceChargeRTSingleFlexIntlTR" tests="1" failures="0" timestamp="30 Jan 2017 10:16:27 GMT" time="186.330" errors="0">
  <testcase name="TC_21_verfingServiceChargeRTSingleFlexIntlTR" time="186.330" classname="flynas.production.scripts.TC21_verfingServiceChargeRTSingleFlexIntlTR"/>
</testsuite> <!-- flynas.production.scripts.TC21_verfingServiceChargeRTSingleFlexIntlTR -->
