<?xml version="1.0" encoding="UTF-8"?>
<!-- Generated by org.testng.reporters.JUnitReportReporter -->
<testsuite hostname="HW0901" name="flynas.production.scripts.TC15_verifingServiceChargeRTSingleBusDomesticAR" tests="1" failures="0" timestamp="25 Jan 2017 07:45:11 GMT" time="128.634" errors="0">
  <testcase name="TC_15_verifingServiceChargeRTSingleBusDomesticAR" time="128.634" classname="flynas.production.scripts.TC15_verifingServiceChargeRTSingleBusDomesticAR"/>
</testsuite> <!-- flynas.production.scripts.TC15_verifingServiceChargeRTSingleBusDomesticAR -->
