<?xml version="1.0" encoding="UTF-8"?>
<!-- Generated by org.testng.reporters.JUnitReportReporter -->
<testsuite hostname="HW1819.local" name="flynas.ios.Prod.routes;.TC15_roundTripDomesticEconomy_JED_TUU" tests="1" failures="0" timestamp="7 Aug 2017 12:57:43 GMT" time="767.331" errors="0">
  <testcase name="TC_15_roundTripDomesticEconomy_JED_TUU" time="767.331" classname="flynas.ios.Prod.routes;.TC15_roundTripDomesticEconomy_JED_TUU"/>
</testsuite> <!-- flynas.ios.Prod.routes;.TC15_roundTripDomesticEconomy_JED_TUU -->
