<?xml version="1.0" encoding="UTF-8"?>
<!-- Generated by org.testng.reporters.JUnitReportReporter -->
<testsuite hostname="indrajeets-MacBook-Pro.local" name="com.mobile.scripts.RP_005_GuestBookingFromBookNow" tests="3" failures="0" timestamp="26 Jul 2016 07:00:42 GMT" time="1204.126" errors="0">
  <testcase name="testBookingAsGuestFromBookNow" time="402.693" classname="com.mobile.scripts.RP_005_GuestBookingFromBookNow"/>
  <testcase name="testBookingAsGuestFromBookNow" time="382.327" classname="com.mobile.scripts.RP_005_GuestBookingFromBookNow"/>
  <testcase name="testBookingAsGuestFromBookNow" time="419.106" classname="com.mobile.scripts.RP_005_GuestBookingFromBookNow"/>
</testsuite> <!-- com.mobile.scripts.RP_005_GuestBookingFromBookNow -->
