<?xml version="1.0" encoding="UTF-8"?>
<!-- Generated by org.testng.reporters.JUnitReportReporter -->
<testsuite hostname="HW0901" name="flynas.web.scripts.TC07_RTDom4adultBusinessCC" tests="1" failures="0" timestamp="31 Jan 2017 11:10:10 GMT" time="185.929" errors="0">
  <testcase name="TC_07_RTDom4adultBusinessCC" time="185.929" classname="flynas.web.scripts.TC07_RTDom4adultBusinessCC"/>
</testsuite> <!-- flynas.web.scripts.TC07_RTDom4adultBusinessCC -->
