<?xml version="1.0" encoding="UTF-8"?>
<!-- Generated by org.testng.reporters.JUnitReportReporter -->
<testsuite hostname="HW0901" name="flynas.web.scripts.TC14_oneWayDomesticwithEuro" tests="1" failures="0" timestamp="1 Feb 2017 12:56:55 GMT" time="155.772" errors="0">
  <testcase name="TC_14_oneWayDomesticwithEuro" time="155.772" classname="flynas.web.scripts.TC14_oneWayDomesticwithEuro"/>
</testsuite> <!-- flynas.web.scripts.TC14_oneWayDomesticwithEuro -->
