<?xml version="1.0" encoding="UTF-8"?>
<!-- Generated by org.testng.reporters.JUnitReportReporter -->
<testsuite hostname="HW0901" name="flynas.production.scripts.TC01_verifingChildDiscount" tests="1" failures="0" timestamp="20 Jan 2017 07:43:32 GMT" time="196.937" errors="0">
  <testcase name="TC_01_verifingChildDiscount" time="196.937" classname="flynas.production.scripts.TC01_verifingChildDiscount"/>
</testsuite> <!-- flynas.production.scripts.TC01_verifingChildDiscount -->
