<?xml version="1.0" encoding="UTF-8"?>
<!-- Generated by org.testng.reporters.JUnitReportReporter -->
<testsuite hostname="indrajeets-MacBook-Pro.local" name="com.mobile.scripts.RP_003_TestSearchHotels" tests="2" failures="0" timestamp="26 Jul 2016 07:00:42 GMT" time="506.968" errors="0">
  <testcase name="testSearchHotels" time="303.105" classname="com.mobile.scripts.RP_003_TestSearchHotels"/>
  <testcase name="testSearchHotels" time="203.863" classname="com.mobile.scripts.RP_003_TestSearchHotels"/>
</testsuite> <!-- com.mobile.scripts.RP_003_TestSearchHotels -->
