<?xml version="1.0" encoding="UTF-8"?>
<!-- Generated by org.testng.reporters.JUnitReportReporter -->
<testsuite hostname="HW0901" name="flynas.production.scripts.TC26_verifingServiceChargeMTSingleFlexDomTR" tests="1" failures="0" timestamp="31 Jan 2017 06:09:15 GMT" time="173.364" errors="0">
  <testcase name="TC_26_verifingServiceChargeMTSingleFlexDomTR" time="173.364" classname="flynas.production.scripts.TC26_verifingServiceChargeMTSingleFlexDomTR"/>
</testsuite> <!-- flynas.production.scripts.TC26_verifingServiceChargeMTSingleFlexDomTR -->
