<?xml version="1.0" encoding="UTF-8"?>
<!-- Generated by org.testng.reporters.JUnitReportReporter -->
<testsuite hostname="HW1819.local" name="flynas.ios.Prod.routes;.TC21_roundTripDomesticEconomy_DMM_GIZ" tests="1" failures="0" timestamp="7 Aug 2017 12:57:43 GMT" time="755.149" errors="0">
  <testcase name="TC_21_roundTripDomesticEconomy_DMM_GIZ" time="755.149" classname="flynas.ios.Prod.routes;.TC21_roundTripDomesticEconomy_DMM_GIZ"/>
</testsuite> <!-- flynas.ios.Prod.routes;.TC21_roundTripDomesticEconomy_DMM_GIZ -->
