<?xml version="1.0" encoding="UTF-8"?>
<!-- Generated by org.testng.reporters.JUnitReportReporter -->
<testsuite hostname="HW1819.local" name="flynas.ios.scripts.TC129_oneWayDomesticBusiness_RUH_TIF" tests="1" failures="0" timestamp="9 Jun 2017 10:59:08 GMT" time="465.441" errors="0">
  <testcase name="TC_129_oneWayDomesticBusiness_RUH_TIF" time="465.441" classname="flynas.ios.scripts.TC129_oneWayDomesticBusiness_RUH_TIF"/>
</testsuite> <!-- flynas.ios.scripts.TC129_oneWayDomesticBusiness_RUH_TIF -->
