<?xml version="1.0" encoding="UTF-8"?>
<!-- Generated by org.testng.reporters.JUnitReportReporter -->
<testsuite hostname="HW0901" name="flynas.production.scripts.TC13_verifingServiceChargeRTSingleECoDOMAR" tests="1" failures="0" timestamp="25 Jan 2017 06:27:24 GMT" time="105.342" errors="0">
  <testcase name="TC_13_verifingServiceChargeRTSingleECoDOMAR" time="105.342" classname="flynas.production.scripts.TC13_verifingServiceChargeRTSingleECoDOMAR"/>
</testsuite> <!-- flynas.production.scripts.TC13_verifingServiceChargeRTSingleECoDOMAR -->
