<?xml version="1.0" encoding="UTF-8"?>
<!-- Generated by org.testng.reporters.JUnitReportReporter -->
<testsuite hostname="HW0901" name="flynas.web.scripts.TC16_EmpLoginStaffConfmedChangeDateCheckIn" tests="1" failures="0" timestamp="31 Jan 2017 11:10:10 GMT" time="404.649" errors="0">
  <testcase name="TC_16_EmpLoginStaffConfmedChangeDateCheckIn" time="404.649" classname="flynas.web.scripts.TC16_EmpLoginStaffConfmedChangeDateCheckIn"/>
</testsuite> <!-- flynas.web.scripts.TC16_EmpLoginStaffConfmedChangeDateCheckIn -->
