<?xml version="1.0" encoding="UTF-8"?>
<!-- Generated by org.testng.reporters.JUnitReportReporter -->
<testsuite hostname="HW1819.local" name="flynas.ios.scripts.TC130_oneWayDomesticBusiness_RUH_HAS" tests="1" failures="0" timestamp="9 Jun 2017 10:59:08 GMT" time="436.563" errors="0">
  <testcase name="TC_130_oneWayDomesticBusiness_RUH_HAS" time="436.563" classname="flynas.ios.scripts.TC130_oneWayDomesticBusiness_RUH_HAS"/>
</testsuite> <!-- flynas.ios.scripts.TC130_oneWayDomesticBusiness_RUH_HAS -->
