<?xml version="1.0" encoding="UTF-8"?>
<!-- Generated by org.testng.reporters.JUnitReportReporter -->
<testsuite hostname="HW0901" name="flynas.production.scripts.TC07_verifingServiceChargewithMTEco" tests="1" failures="0" timestamp="24 Jan 2017 05:57:54 GMT" time="625.335" errors="0">
  <testcase name="TC_07_verifingServiceChargewithMTEco" time="625.335" classname="flynas.production.scripts.TC07_verifingServiceChargewithMTEco"/>
</testsuite> <!-- flynas.production.scripts.TC07_verifingServiceChargewithMTEco -->
