<?xml version="1.0" encoding="UTF-8"?>
<!-- Generated by org.testng.reporters.JUnitReportReporter -->
<testsuite hostname="indrajeets-MacBook-Pro.local" name="com.mobile.scripts.RP_001_TestLoginFromInStayMode" tests="5" failures="0" timestamp="26 Jul 2016 07:00:42 GMT" time="830.686" errors="0">
  <testcase name="validateTestLogin" time="131.207" classname="com.mobile.scripts.RP_001_TestLoginFromInStayMode"/>
  <testcase name="validateTestLogin" time="174.569" classname="com.mobile.scripts.RP_001_TestLoginFromInStayMode"/>
  <testcase name="validateTestLogin" time="175.042" classname="com.mobile.scripts.RP_001_TestLoginFromInStayMode"/>
  <testcase name="validateTestLogin" time="175.659" classname="com.mobile.scripts.RP_001_TestLoginFromInStayMode"/>
  <testcase name="validateTestLogin" time="174.209" classname="com.mobile.scripts.RP_001_TestLoginFromInStayMode"/>
</testsuite> <!-- com.mobile.scripts.RP_001_TestLoginFromInStayMode -->
