<?xml version="1.0" encoding="UTF-8"?>
<!-- Generated by org.testng.reporters.JUnitReportReporter -->
<testsuite hostname="HW1819.local" name="flynas.ios.Prod.routes;.TC76_roundTripDomesticFlex_JED_AHB" tests="1" failures="0" timestamp="8 Aug 2017 13:06:01 GMT" time="651.501" errors="0">
  <testcase name="TC_76_roundTripDomesticFlex_JED_AHB" time="651.501" classname="flynas.ios.Prod.routes;.TC76_roundTripDomesticFlex_JED_AHB"/>
</testsuite> <!-- flynas.ios.Prod.routes;.TC76_roundTripDomesticFlex_JED_AHB -->
