<?xml version="1.0" encoding="UTF-8"?>
<!-- Generated by org.testng.reporters.JUnitReportReporter -->
<testsuite hostname="HW1819.local" name="flynas.ios.scripts.TC126_oneWayDomesticBusiness_RUH_DMM" tests="1" failures="0" timestamp="9 Jun 2017 10:59:08 GMT" time="425.681" errors="0">
  <testcase name="TC_126_oneWayDomesticBusiness_RUH_DMM" time="425.681" classname="flynas.ios.scripts.TC126_oneWayDomesticBusiness_RUH_DMM"/>
</testsuite> <!-- flynas.ios.scripts.TC126_oneWayDomesticBusiness_RUH_DMM -->
