<?xml version="1.0" encoding="UTF-8"?>
<!-- Generated by org.testng.reporters.JUnitReportReporter -->
<testsuite hostname="HW0901" name="flynas.web.scripts.TC06_oneWay2InternationalEco" tests="1" failures="0" timestamp="31 Jan 2017 11:10:10 GMT" time="222.416" errors="0">
  <testcase name="TC_06_oneWay2InternationalEco" time="222.416" classname="flynas.web.scripts.TC06_oneWay2InternationalEco"/>
</testsuite> <!-- flynas.web.scripts.TC06_oneWay2InternationalEco -->
