<?xml version="1.0" encoding="UTF-8"?>
<!-- Generated by org.testng.reporters.JUnitReportReporter -->
<testsuite hostname="HW0901" name="flynas.web.scripts.TC19_agencyLoginRToneAdultoneChild" tests="1" failures="0" timestamp="31 Jan 2017 12:52:01 GMT" time="238.687" errors="0">
  <testcase name="TC_19_agencyLoginRToneAdultoneChild" time="238.687" classname="flynas.web.scripts.TC19_agencyLoginRToneAdultoneChild"/>
</testsuite> <!-- flynas.web.scripts.TC19_agencyLoginRToneAdultoneChild -->
