<?xml version="1.0" encoding="UTF-8"?>
<!-- Generated by org.testng.reporters.JUnitReportReporter -->
<testsuite hostname="HW1819.local" name="flynas.ios.Prod.routes;.TC45_roundTripInternationalEconomy_JED_CAI" tests="1" failures="0" timestamp="8 Aug 2017 10:09:22 GMT" time="641.455" errors="0">
  <testcase name="TC_45_roundTripInternationalEconomy_JED_CAI" time="641.455" classname="flynas.ios.Prod.routes;.TC45_roundTripInternationalEconomy_JED_CAI"/>
</testsuite> <!-- flynas.ios.Prod.routes;.TC45_roundTripInternationalEconomy_JED_CAI -->
