<?xml version="1.0" encoding="UTF-8"?>
<!-- Generated by org.testng.reporters.JUnitReportReporter -->
<testsuite hostname="HW0901" name="flynas.production.scripts.TC25_verifingServiceChargeMTSingleEcoIntlTR" tests="1" failures="0" timestamp="31 Jan 2017 06:09:15 GMT" time="171.672" errors="0">
  <testcase name="TC_25_verifingServiceChargeMTSingleEcoIntlTR" time="171.672" classname="flynas.production.scripts.TC25_verifingServiceChargeMTSingleEcoIntlTR"/>
</testsuite> <!-- flynas.production.scripts.TC25_verifingServiceChargeMTSingleEcoIntlTR -->
