<?xml version="1.0" encoding="UTF-8"?>
<!-- Generated by org.testng.reporters.JUnitReportReporter -->
<testsuite hostname="HW1819.local" name="flynas.ios.scripts.TC133_oneWayDomesticBusiness_RUH_AJF" tests="1" failures="0" timestamp="9 Jun 2017 10:59:08 GMT" time="487.181" errors="0">
  <testcase name="TC_133_oneWayDomesticBusiness_RUH_AJF" time="487.181" classname="flynas.ios.scripts.TC133_oneWayDomesticBusiness_RUH_AJF"/>
</testsuite> <!-- flynas.ios.scripts.TC133_oneWayDomesticBusiness_RUH_AJF -->
