<?xml version="1.0" encoding="UTF-8"?>
<!-- Generated by org.testng.reporters.JUnitReportReporter -->
<testsuite hostname="HW1819.local" name="flynas.ios.Prod.routes;.TC30_oneWayDomesticEconomy_AHB_SHW" tests="1" failures="0" timestamp="8 Aug 2017 03:14:21 GMT" time="345.401" errors="0">
  <testcase name="TC_30_oneWayDomesticEconomy_AHB_SHW" time="345.401" classname="flynas.ios.Prod.routes;.TC30_oneWayDomesticEconomy_AHB_SHW"/>
</testsuite> <!-- flynas.ios.Prod.routes;.TC30_oneWayDomesticEconomy_AHB_SHW -->
