<?xml version="1.0" encoding="UTF-8"?>
<!-- Generated by org.testng.reporters.JUnitReportReporter -->
<testsuite hostname="HW0901" name="flynas.android.scripts.TC11_oneAudaltOneChildOneInfantPartCordShare" tests="1" failures="0" timestamp="27 Jan 2017 11:47:34 GMT" time="705.999" errors="0">
  <testcase name="TC_11_oneAudaltOneChildOneInfantPartCordShare" time="705.999" classname="flynas.android.scripts.TC11_oneAudaltOneChildOneInfantPartCordShare"/>
</testsuite> <!-- flynas.android.scripts.TC11_oneAudaltOneChildOneInfantPartCordShare -->
