<?xml version="1.0" encoding="UTF-8"?>
<!-- Generated by org.testng.reporters.JUnitReportReporter -->
<testsuite hostname="HW0901" name="flynas.production.scripts.TC09_verifingServiceChargewithMTBussiness" tests="1" failures="0" timestamp="24 Jan 2017 06:10:50 GMT" time="142.703" errors="0">
  <testcase name="TC_09_verifingServiceChargewithMTBussiness" time="142.703" classname="flynas.production.scripts.TC09_verifingServiceChargewithMTBussiness"/>
</testsuite> <!-- flynas.production.scripts.TC09_verifingServiceChargewithMTBussiness -->
