<?xml version="1.0" encoding="UTF-8"?>
<!-- Generated by org.testng.reporters.JUnitReportReporter -->
<testsuite hostname="HW0901" name="flynas.production.scripts.TC28_memberRegistration" tests="1" failures="0" timestamp="31 Jan 2017 06:36:12 GMT" time="55.529" errors="0">
  <testcase name="TC_28_memberRegistration" time="55.529" classname="flynas.production.scripts.TC28_memberRegistration"/>
</testsuite> <!-- flynas.production.scripts.TC28_memberRegistration -->
