<?xml version="1.0" encoding="UTF-8"?>
<!-- Generated by org.testng.reporters.JUnitReportReporter -->
<testsuite hostname="HW0865" name="com.androidMobile.scripts.RP_009_TestSignUpUser" tests="2" failures="0" timestamp="5 Aug 2016 10:16:53 GMT" time="460.047" errors="0">
  <testcase name="testSignUpUser" time="211.141" classname="com.androidMobile.scripts.RP_009_TestSignUpUser"/>
  <testcase name="testSignUpUser" time="248.906" classname="com.androidMobile.scripts.RP_009_TestSignUpUser"/>
</testsuite> <!-- com.androidMobile.scripts.RP_009_TestSignUpUser -->
