<?xml version="1.0" encoding="UTF-8"?>
<!-- Generated by org.testng.reporters.JUnitReportReporter -->
<testsuite hostname="HW0901" name="flynas.production.scripts.TC04_verifingserviceChargeForOWEconyDomestic" tests="1" failures="0" timestamp="20 Jan 2017 09:36:36 GMT" time="229.074" errors="0">
  <testcase name="TC_04_verifingserviceChargeForOWEconyDomestic" time="229.074" classname="flynas.production.scripts.TC04_verifingserviceChargeForOWEconyDomestic"/>
</testsuite> <!-- flynas.production.scripts.TC04_verifingserviceChargeForOWEconyDomestic -->
