<?xml version="1.0" encoding="UTF-8"?>
<!-- Generated by org.testng.reporters.JUnitReportReporter -->
<testsuite hostname="HW1819.local" name="flynas.ios.scripts.TC66_oneWayDomesticFlex_RUH_MED" tests="1" failures="0" timestamp="8 Jun 2017 03:51:42 GMT" time="379.502" errors="0">
  <testcase name="TC_66_oneWayDomesticFlex_RUH_MED" time="379.502" classname="flynas.ios.scripts.TC66_oneWayDomesticFlex_RUH_MED"/>
</testsuite> <!-- flynas.ios.scripts.TC66_oneWayDomesticFlex_RUH_MED -->
