<?xml version="1.0" encoding="UTF-8"?>
<!-- Generated by org.testng.reporters.JUnitReportReporter -->
<testsuite hostname="HW1819.local" name="flynas.ios.Prod.routes;.TC31_oneWayInternationalEconomy_JED_DXB" tests="1" failures="0" timestamp="8 Aug 2017 03:14:21 GMT" time="385.359" errors="0">
  <testcase name="TC_31_oneWayInternationalEconomy_JED_DXB" time="385.359" classname="flynas.ios.Prod.routes;.TC31_oneWayInternationalEconomy_JED_DXB"/>
</testsuite> <!-- flynas.ios.Prod.routes;.TC31_oneWayInternationalEconomy_JED_DXB -->
