<?xml version="1.0" encoding="UTF-8"?>
<!-- Generated by org.testng.reporters.JUnitReportReporter -->
<testsuite hostname="HW0901" name="flynas.production.scripts.TC24_verifingServiceChargeRTSingleBusDomTR" tests="1" failures="0" timestamp="30 Jan 2017 12:01:51 GMT" time="174.306" errors="0">
  <testcase name="TC_24_verifingServiceChargeRTSingleBusDomTR" time="174.306" classname="flynas.production.scripts.TC24_verifingServiceChargeRTSingleBusDomTR"/>
</testsuite> <!-- flynas.production.scripts.TC24_verifingServiceChargeRTSingleBusDomTR -->
