<?xml version="1.0" encoding="UTF-8"?>
<!-- Generated by org.testng.reporters.JUnitReportReporter -->
<testsuite hostname="HW0901" name="flynas.web.scripts.TC20_memberRegistration" tests="1" failures="0" timestamp="1 Feb 2017 11:03:10 GMT" time="64.733" errors="0">
  <testcase name="TC_20_memberRegistration" time="64.733" classname="flynas.web.scripts.TC20_memberRegistration"/>
</testsuite> <!-- flynas.web.scripts.TC20_memberRegistration -->
