<?xml version="1.0" encoding="UTF-8"?>
<!-- Generated by org.testng.reporters.JUnitReportReporter -->
<testsuite hostname="HW1819.local" name="flynas.ios.Prod.routes;.TC09_oneWayDomesticEconomy_RUH_AJF" tests="1" failures="0" timestamp="7 Aug 2017 10:01:46 GMT" time="455.194" errors="0">
  <testcase name="TC_09_oneWayDomesticEconomy_RUH_AJF" time="455.194" classname="flynas.ios.Prod.routes;.TC09_oneWayDomesticEconomy_RUH_AJF"/>
</testsuite> <!-- flynas.ios.Prod.routes;.TC09_oneWayDomesticEconomy_RUH_AJF -->
