<?xml version="1.0" encoding="UTF-8"?>
<!-- Generated by org.testng.reporters.JUnitReportReporter -->
<testsuite hostname="HW1819.local" name="flynas.ios.Prod.routes;.TC10_oneWayDomesticEconomy_RUH_ABT" tests="1" failures="0" timestamp="7 Aug 2017 10:01:46 GMT" time="328.851" errors="0">
  <testcase name="TC_10_oneWayDomesticEconomy_RUH_ABT" time="328.851" classname="flynas.ios.Prod.routes;.TC10_oneWayDomesticEconomy_RUH_ABT"/>
</testsuite> <!-- flynas.ios.Prod.routes;.TC10_oneWayDomesticEconomy_RUH_ABT -->
