<?xml version="1.0" encoding="UTF-8"?>
<!-- Generated by org.testng.reporters.JUnitReportReporter -->
<testsuite hostname="HW0901" name="flynas.android.scripts.TC06_oneWayInterTwoAdultEco" tests="1" failures="0" timestamp="27 Jan 2017 09:23:35 GMT" time="559.448" errors="0">
  <testcase name="TC_06_oneWayInterTwoAdultEco" time="559.448" classname="flynas.android.scripts.TC06_oneWayInterTwoAdultEco"/>
</testsuite> <!-- flynas.android.scripts.TC06_oneWayInterTwoAdultEco -->
