<?xml version="1.0" encoding="UTF-8"?>
<!-- Generated by org.testng.reporters.JUnitReportReporter -->
<testsuite hostname="HW1819.local" name="flynas.ios.Prod.routes;.TC49_roundTripInternationalEconomy_JED_AMM" tests="1" failures="0" timestamp="8 Aug 2017 10:09:22 GMT" time="635.262" errors="0">
  <testcase name="TC_49_roundTripInternationalEconomy_JED_AMM" time="635.262" classname="flynas.ios.Prod.routes;.TC49_roundTripInternationalEconomy_JED_AMM"/>
</testsuite> <!-- flynas.ios.Prod.routes;.TC49_roundTripInternationalEconomy_JED_AMM -->
