<?xml version="1.0" encoding="UTF-8"?>
<!-- Generated by org.testng.reporters.JUnitReportReporter -->
<testsuite hostname="HW1819.local" name="flynas.ios.Prod.routes;.TC17_roundTripDomesticEconomy_DMM_TIF" tests="1" failures="0" timestamp="7 Aug 2017 12:57:43 GMT" time="610.601" errors="0">
  <testcase name="TC_17_roundTripDomesticEconomy_DMM_TIF" time="610.601" classname="flynas.ios.Prod.routes;.TC17_roundTripDomesticEconomy_DMM_TIF"/>
</testsuite> <!-- flynas.ios.Prod.routes;.TC17_roundTripDomesticEconomy_DMM_TIF -->
