<?xml version="1.0" encoding="UTF-8"?>
<!-- Generated by org.testng.reporters.JUnitReportReporter -->
<testsuite hostname="HW1819.local" name="flynas.ios.scripts.TC125_oneWayDomesticBusiness_RUH_JED" tests="1" failures="0" timestamp="9 Jun 2017 10:59:08 GMT" time="599.101" errors="0">
  <testcase name="TC_125_oneWayDomesticBusiness_RUH_JED" time="599.101" classname="flynas.ios.scripts.TC125_oneWayDomesticBusiness_RUH_JED"/>
</testsuite> <!-- flynas.ios.scripts.TC125_oneWayDomesticBusiness_RUH_JED -->
