<?xml version="1.0" encoding="UTF-8"?>
<!-- Generated by org.testng.reporters.JUnitReportReporter -->
<testsuite hostname="HW0901" name="flynas.web.scripts.TC_10_OneAdultOnechildFlexCordshare" tests="1" failures="0" timestamp="1 Feb 2017 11:27:04 GMT" time="154.623" errors="0">
  <testcase name="TC10_OneAdultOnechildFlexCordshare" time="154.623" classname="flynas.web.scripts.TC_10_OneAdultOnechildFlexCordshare"/>
</testsuite> <!-- flynas.web.scripts.TC_10_OneAdultOnechildFlexCordshare -->
