<?xml version="1.0" encoding="UTF-8"?>
<!-- Generated by org.testng.reporters.JUnitReportReporter -->
<testsuite hostname="HW0865" name="com.androidMobile.scripts.RP_Smoke_TestBookNow" tests="1" failures="0" timestamp="5 Aug 2016 10:16:54 GMT" time="74.292" errors="0">
  <testcase name="smokeTestBookNow" time="74.292" classname="com.androidMobile.scripts.RP_Smoke_TestBookNow"/>
</testsuite> <!-- com.androidMobile.scripts.RP_Smoke_TestBookNow -->
