<?xml version="1.0" encoding="UTF-8"?>
<!-- Generated by org.testng.reporters.JUnitReportReporter -->
<testsuite hostname="HW0901" name="flynas.production.scripts.TC03_verifingServiceChargeForRTFlexInterna" tests="1" failures="0" timestamp="20 Jan 2017 06:11:09 GMT" time="157.310" errors="0">
  <testcase name="TC_02_verifingServiceChargeperPerson" time="157.310" classname="flynas.production.scripts.TC03_verifingServiceChargeForRTFlexInterna"/>
</testsuite> <!-- flynas.production.scripts.TC03_verifingServiceChargeForRTFlexInterna -->
