<?xml version="1.0" encoding="UTF-8"?>
<!-- Generated by org.testng.reporters.JUnitReportReporter -->
<testsuite hostname="HW0901" name="flynas.production.scripts.TC20_verifingServiceChargeOWSigleBusinessDomTR" tests="1" failures="0" timestamp="30 Jan 2017 06:52:12 GMT" time="365.226" errors="0">
  <testcase name="TC_20_verifingServiceChargeOWSigleBusinessDomTR" time="365.226" classname="flynas.production.scripts.TC20_verifingServiceChargeOWSigleBusinessDomTR"/>
</testsuite> <!-- flynas.production.scripts.TC20_verifingServiceChargeOWSigleBusinessDomTR -->
