<?xml version="1.0" encoding="UTF-8"?>
<!-- Generated by org.testng.reporters.JUnitReportReporter -->
<testsuite hostname="HW1819.local" name="flynas.ios.Prod.routes;.TC29_oneWayDomesticEconomy_AHB_GIZ" tests="1" failures="0" timestamp="8 Aug 2017 03:14:21 GMT" time="418.018" errors="0">
  <testcase name="TC_29_oneWayDomesticEconomy_AHB_GIZ" time="418.018" classname="flynas.ios.Prod.routes;.TC29_oneWayDomesticEconomy_AHB_GIZ"/>
</testsuite> <!-- flynas.ios.Prod.routes;.TC29_oneWayDomesticEconomy_AHB_GIZ -->
