<?xml version="1.0" encoding="UTF-8"?>
<!-- Generated by org.testng.reporters.JUnitReportReporter -->
<testsuite hostname="HW0901" name="flynas.production.scripts.TC12_verifingServiceChargeRTSingleFlexIntAR" tests="1" failures="0" timestamp="25 Jan 2017 06:13:49 GMT" time="123.237" errors="0">
  <testcase name="TC_12_verifingServiceChargeRTSingleFlexIntAR" time="123.237" classname="flynas.production.scripts.TC12_verifingServiceChargeRTSingleFlexIntAR"/>
</testsuite> <!-- flynas.production.scripts.TC12_verifingServiceChargeRTSingleFlexIntAR -->
