<?xml version="1.0" encoding="UTF-8"?>
<!-- Generated by org.testng.reporters.JUnitReportReporter -->
<testsuite hostname="HW1819.local" name="flynas.ios.scripts.TC127_oneWayDomesticBusiness_RUH_GIZ" tests="1" failures="0" timestamp="9 Jun 2017 10:59:08 GMT" time="561.772" errors="0">
  <testcase name="TC_127_oneWayDomesticBusiness_RUH_GIZ" time="561.772" classname="flynas.ios.scripts.TC127_oneWayDomesticBusiness_RUH_GIZ"/>
</testsuite> <!-- flynas.ios.scripts.TC127_oneWayDomesticBusiness_RUH_GIZ -->
