<?xml version="1.0" encoding="UTF-8"?>
<!-- Generated by org.testng.reporters.JUnitReportReporter -->
<testsuite hostname="HW1819.local" name="flynas.ios.Prod.routes;.TC32_oneWayInternationalEconomy_RUH_DXB" tests="1" failures="0" timestamp="8 Aug 2017 03:14:20 GMT" time="454.449" errors="0">
  <testcase name="TC_32_oneWayInternationalEconomy_RUH_DXB" time="454.449" classname="flynas.ios.Prod.routes;.TC32_oneWayInternationalEconomy_RUH_DXB"/>
</testsuite> <!-- flynas.ios.Prod.routes;.TC32_oneWayInternationalEconomy_RUH_DXB -->
