<?xml version="1.0" encoding="UTF-8"?>
<!-- Generated by org.testng.reporters.JUnitReportReporter -->
<testsuite hostname="HW0865" name="com.androidMobile.scripts.RP_Smoke_TestRetrieveBookings" tests="1" failures="0" timestamp="5 Aug 2016 10:16:53 GMT" time="47.929" errors="0">
  <testcase name="smokeTestRetrieveBookings" time="47.929" classname="com.androidMobile.scripts.RP_Smoke_TestRetrieveBookings"/>
</testsuite> <!-- com.androidMobile.scripts.RP_Smoke_TestRetrieveBookings -->
