<?xml version="1.0" encoding="UTF-8"?>
<!-- Generated by org.testng.reporters.JUnitReportReporter -->
<testsuite hostname="HW0901" name="flynas.web.scripts.TC02_oneWayDomesticBusiness" tests="1" failures="0" timestamp="31 Jan 2017 11:10:10 GMT" time="160.397" errors="0">
  <testcase name="TC_02_oneWayDomesticBusiness" time="160.397" classname="flynas.web.scripts.TC02_oneWayDomesticBusiness"/>
</testsuite> <!-- flynas.web.scripts.TC02_oneWayDomesticBusiness -->
